11/28/2017 09:33:55 [Vixen.Sys.VixenSystem] Vixen System starting up... 
11/28/2017 09:33:56 [Vixen.Sys.State.Execution.OpeningState] Vixen execution engine entering the open state... 
11/28/2017 09:33:56 [VixenModules.Output.Renard.Module] Starting retry counter for com port access. Retry count is 1 
11/28/2017 09:33:56 [Vixen.Sys.State.Execution.OpenState] Vixen execution engine entered the open state. 
11/28/2017 09:33:56 [Vixen.Sys.VixenSystem] Vixen System successfully started. 
11/28/2017 09:35:56 [VixenModules.Output.Renard.Module] Attempting to start controller. 
11/28/2017 09:35:56 [VixenModules.Output.Renard.Module] Starting retry counter for com port access. Retry count is 2 
11/28/2017 09:37:56 [VixenModules.Output.Renard.Module] Attempting to start controller. 
11/28/2017 09:37:56 [VixenModules.Output.Renard.Module] Starting retry counter for com port access. Retry count is 3 
11/28/2017 09:39:56 [VixenModules.Output.Renard.Module] Attempting to start controller. 
11/28/2017 09:39:56 [VixenModules.Output.Renard.Module] Retry counter for com port access has exceeded max tries.  Controller has been stopped. 
11/28/2017 11:11:43 [Vixen.Sys.VixenSystem] Vixen System starting up... 
11/28/2017 11:11:44 [Vixen.Sys.State.Execution.OpeningState] Vixen execution engine entering the open state... 
11/28/2017 11:11:44 [VixenModules.Output.Renard.Module] Starting retry counter for com port access. Retry count is 1 
11/28/2017 11:11:44 [Vixen.Sys.State.Execution.OpenState] Vixen execution engine entered the open state. 
11/28/2017 11:11:44 [Vixen.Sys.VixenSystem] Vixen System successfully started. 
11/28/2017 11:13:44 [VixenModules.Output.Renard.Module] Attempting to start controller. 
11/28/2017 11:13:44 [VixenModules.Output.Renard.Module] Starting retry counter for com port access. Retry count is 2 
11/28/2017 11:15:44 [VixenModules.Output.Renard.Module] Attempting to start controller. 
11/28/2017 11:15:44 [VixenModules.Output.Renard.Module] Starting retry counter for com port access. Retry count is 3 
11/28/2017 11:17:44 [VixenModules.Output.Renard.Module] Attempting to start controller. 
11/28/2017 11:17:44 [VixenModules.Output.Renard.Module] Retry counter for com port access has exceeded max tries.  Controller has been stopped. 
11/28/2017 11:26:39 [Vixen.Sys.VixenSystem] Vixen System stopping... 
11/28/2017 11:26:39 [Vixen.Sys.State.Execution.ClosingState] Vixen execution engine entering the closing state... 
11/28/2017 11:26:39 [Vixen.Sys.State.Execution.ClosedState] Vixen execution engine entered the closed state. 
11/28/2017 11:26:39 [Vixen.Sys.VixenSystem] Vixen System successfully stopped. 
11/28/2017 11:32:27 [Vixen.Sys.VixenSystem] Vixen System starting up... 
11/28/2017 11:32:28 [Vixen.Sys.State.Execution.OpeningState] Vixen execution engine entering the open state... 
11/28/2017 11:32:28 [VixenModules.Output.Renard.Module] Starting retry counter for com port access. Retry count is 1 
11/28/2017 11:32:28 [Vixen.Sys.State.Execution.OpenState] Vixen execution engine entered the open state. 
11/28/2017 11:32:28 [Vixen.Sys.VixenSystem] Vixen System successfully started. 
11/28/2017 11:33:33 [Vixen.Sys.VixenSystem] Vixen System stopping... 
11/28/2017 11:33:33 [Vixen.Sys.State.Execution.ClosingState] Vixen execution engine entering the closing state... 
11/28/2017 11:33:33 [Vixen.Sys.State.Execution.ClosedState] Vixen execution engine entered the closed state. 
11/28/2017 11:33:33 [Vixen.Sys.VixenSystem] Vixen System successfully stopped. 
11/28/2017 14:46:45 [Vixen.Sys.VixenSystem] Vixen System starting up... 
11/28/2017 14:46:46 [Vixen.Sys.State.Execution.OpeningState] Vixen execution engine entering the open state... 
11/28/2017 14:46:46 [VixenModules.Output.Renard.Module] Starting retry counter for com port access. Retry count is 1 
11/28/2017 14:46:46 [Vixen.Sys.State.Execution.OpenState] Vixen execution engine entered the open state. 
11/28/2017 14:46:46 [Vixen.Sys.VixenSystem] Vixen System successfully started. 
11/28/2017 14:48:46 [VixenModules.Output.Renard.Module] Attempting to start controller. 
11/28/2017 14:48:46 [VixenModules.Output.Renard.Module] Starting retry counter for com port access. Retry count is 2 
11/28/2017 14:50:46 [VixenModules.Output.Renard.Module] Attempting to start controller. 
11/28/2017 14:50:46 [VixenModules.Output.Renard.Module] Starting retry counter for com port access. Retry count is 3 
11/28/2017 14:52:46 [VixenModules.Output.Renard.Module] Attempting to start controller. 
11/28/2017 14:52:46 [VixenModules.Output.Renard.Module] Retry counter for com port access has exceeded max tries.  Controller has been stopped. 
11/28/2017 15:04:49 [Vixen.Sys.VixenSystem] Vixen System starting up... 
11/28/2017 15:04:50 [Vixen.Sys.State.Execution.OpeningState] Vixen execution engine entering the open state... 
11/28/2017 15:04:50 [VixenModules.Output.Renard.Module] Starting retry counter for com port access. Retry count is 1 
11/28/2017 15:04:50 [Vixen.Sys.State.Execution.OpenState] Vixen execution engine entered the open state. 
11/28/2017 15:04:50 [Vixen.Sys.VixenSystem] Vixen System successfully started. 
11/28/2017 15:06:50 [VixenModules.Output.Renard.Module] Attempting to start controller. 
11/28/2017 15:06:50 [VixenModules.Output.Renard.Module] Starting retry counter for com port access. Retry count is 2 
11/28/2017 15:08:50 [VixenModules.Output.Renard.Module] Attempting to start controller. 
11/28/2017 15:08:50 [VixenModules.Output.Renard.Module] Starting retry counter for com port access. Retry count is 3 
11/28/2017 15:10:50 [VixenModules.Output.Renard.Module] Attempting to start controller. 
11/28/2017 15:10:50 [VixenModules.Output.Renard.Module] Retry counter for com port access has exceeded max tries.  Controller has been stopped. 
11/28/2017 15:43:12 [Vixen.Sys.VixenSystem] Vixen System stopping... 
11/28/2017 15:43:12 [Vixen.Sys.State.Execution.ClosingState] Vixen execution engine entering the closing state... 
11/28/2017 15:43:12 [Vixen.Sys.State.Execution.ClosedState] Vixen execution engine entered the closed state. 
11/28/2017 15:43:12 [Vixen.Sys.VixenSystem] Vixen System successfully stopped. 
11/28/2017 15:44:01 [Vixen.Sys.VixenSystem] Vixen System starting up... 
11/28/2017 15:44:02 [Vixen.Sys.State.Execution.OpeningState] Vixen execution engine entering the open state... 
11/28/2017 15:44:02 [VixenModules.Output.Renard.Module] Starting retry counter for com port access. Retry count is 1 
11/28/2017 15:44:02 [Vixen.Sys.State.Execution.OpenState] Vixen execution engine entered the open state. 
11/28/2017 15:44:02 [Vixen.Sys.VixenSystem] Vixen System successfully started. 
11/28/2017 15:44:19 [Vixen.Sys.VixenSystem] Vixen System stopping... 
11/28/2017 15:44:19 [Vixen.Sys.State.Execution.ClosingState] Vixen execution engine entering the closing state... 
11/28/2017 15:44:19 [Vixen.Sys.State.Execution.ClosedState] Vixen execution engine entered the closed state. 
11/28/2017 15:44:19 [Vixen.Sys.VixenSystem] Vixen System successfully stopped. 
11/28/2017 15:45:01 [Vixen.Sys.VixenSystem] Vixen System starting up... 
11/28/2017 15:45:02 [Vixen.Sys.State.Execution.OpeningState] Vixen execution engine entering the open state... 
11/28/2017 15:45:02 [VixenModules.Output.Renard.Module] Starting retry counter for com port access. Retry count is 1 
11/28/2017 15:45:02 [Vixen.Sys.State.Execution.OpenState] Vixen execution engine entered the open state. 
11/28/2017 15:45:02 [Vixen.Sys.VixenSystem] Vixen System successfully started. 
11/28/2017 15:45:40 [Vixen.Sys.VixenSystem] Vixen System stopping... 
11/28/2017 15:45:40 [Vixen.Sys.State.Execution.ClosingState] Vixen execution engine entering the closing state... 
11/28/2017 15:45:40 [Vixen.Sys.State.Execution.ClosedState] Vixen execution engine entered the closed state. 
11/28/2017 15:45:40 [Vixen.Sys.VixenSystem] Vixen System successfully stopped. 
