11/24/2017 22:11:18 [VixenApplication.Program] An application error occurred. Please contact the Vixen Dev Team with the following information:

 System.ArgumentException: Additional Rows or Columns cannot be created.  TableLayoutPanel is full and GrowStyle is 'FixedSize'.
   at System.Windows.Forms.Layout.TableLayout.AssignRowsAndColumns(ContainerInfo containerInfo)
   at System.Windows.Forms.Layout.TableLayout.LayoutCore(IArrangedElement container, LayoutEventArgs args)
   at System.Windows.Forms.Layout.LayoutEngine.Layout(Object container, LayoutEventArgs layoutEventArgs)
   at System.Windows.Forms.Control.OnLayout(LayoutEventArgs levent)
   at System.Windows.Forms.ScrollableControl.OnLayout(LayoutEventArgs levent)
   at System.Windows.Forms.TableLayoutPanel.OnLayout(LayoutEventArgs levent)
   at System.Windows.Forms.Control.PerformLayout(LayoutEventArgs args)
   at System.Windows.Forms.Control.System.Windows.Forms.Layout.IArrangedElement.PerformLayout(IArrangedElement affectedElement, String affectedProperty)
   at System.Windows.Forms.Control.ControlCollection.Add(Control value)
   at Common.Controls.DiscreteColorPicker.DiscreteColorPicker_Load(Object sender, EventArgs e)
   at System.Windows.Forms.Form.OnLoad(EventArgs e)
   at System.Windows.Forms.Form.OnCreateControl()
   at System.Windows.Forms.Control.CreateControl(Boolean fIgnoreVisible)
   at System.Windows.Forms.Control.CreateControl()
   at System.Windows.Forms.Control.WmShowWindow(Message& m)
   at System.Windows.Forms.Control.WndProc(Message& m)
   at System.Windows.Forms.ScrollableControl.WndProc(Message& m)
   at System.Windows.Forms.Form.WmShowWindow(Message& m)
   at System.Windows.Forms.Form.WndProc(Message& m)
   at System.Windows.Forms.Control.ControlNativeWindow.OnMessage(Message& m)
   at System.Windows.Forms.Control.ControlNativeWindow.WndProc(Message& m)
   at System.Windows.Forms.NativeWindow.Callback(IntPtr hWnd, Int32 msg, IntPtr wparam, IntPtr lparam)    at System.Windows.Forms.Layout.TableLayout.AssignRowsAndColumns(ContainerInfo containerInfo)
   at System.Windows.Forms.Layout.TableLayout.LayoutCore(IArrangedElement container, LayoutEventArgs args)
   at System.Windows.Forms.Layout.LayoutEngine.Layout(Object container, LayoutEventArgs layoutEventArgs)
   at System.Windows.Forms.Control.OnLayout(LayoutEventArgs levent)
   at System.Windows.Forms.ScrollableControl.OnLayout(LayoutEventArgs levent)
   at System.Windows.Forms.TableLayoutPanel.OnLayout(LayoutEventArgs levent)
   at System.Windows.Forms.Control.PerformLayout(LayoutEventArgs args)
   at System.Windows.Forms.Control.System.Windows.Forms.Layout.IArrangedElement.PerformLayout(IArrangedElement affectedElement, String affectedProperty)
   at System.Windows.Forms.Control.ControlCollection.Add(Control value)
   at Common.Controls.DiscreteColorPicker.DiscreteColorPicker_Load(Object sender, EventArgs e)
   at System.Windows.Forms.Form.OnLoad(EventArgs e)
   at System.Windows.Forms.Form.OnCreateControl()
   at System.Windows.Forms.Control.CreateControl(Boolean fIgnoreVisible)
   at System.Windows.Forms.Control.CreateControl()
   at System.Windows.Forms.Control.WmShowWindow(Message& m)
   at System.Windows.Forms.Control.WndProc(Message& m)
   at System.Windows.Forms.ScrollableControl.WndProc(Message& m)
   at System.Windows.Forms.Form.WmShowWindow(Message& m)
   at System.Windows.Forms.Form.WndProc(Message& m)
   at System.Windows.Forms.Control.ControlNativeWindow.OnMessage(Message& m)
   at System.Windows.Forms.Control.ControlNativeWindow.WndProc(Message& m)
   at System.Windows.Forms.NativeWindow.Callback(IntPtr hWnd, Int32 msg, IntPtr wparam, IntPtr lparam)
11/24/2017 22:11:47 [VixenApplication.Program] An application error occurred. Please contact the Vixen Dev Team with the following information:

 System.ArgumentException: Additional Rows or Columns cannot be created.  TableLayoutPanel is full and GrowStyle is 'FixedSize'.
   at System.Windows.Forms.Layout.TableLayout.AssignRowsAndColumns(ContainerInfo containerInfo)
   at System.Windows.Forms.Layout.TableLayout.LayoutCore(IArrangedElement container, LayoutEventArgs args)
   at System.Windows.Forms.Layout.LayoutEngine.Layout(Object container, LayoutEventArgs layoutEventArgs)
   at System.Windows.Forms.Control.OnLayout(LayoutEventArgs levent)
   at System.Windows.Forms.ScrollableControl.OnLayout(LayoutEventArgs levent)
   at System.Windows.Forms.TableLayoutPanel.OnLayout(LayoutEventArgs levent)
   at System.Windows.Forms.Control.PerformLayout(LayoutEventArgs args)
   at System.Windows.Forms.Control.System.Windows.Forms.Layout.IArrangedElement.PerformLayout(IArrangedElement affectedElement, String affectedProperty)
   at System.Windows.Forms.Control.ControlCollection.Add(Control value)
   at Common.Controls.DiscreteColorPicker.DiscreteColorPicker_Load(Object sender, EventArgs e)
   at System.Windows.Forms.Form.OnLoad(EventArgs e)
   at System.Windows.Forms.Form.OnCreateControl()
   at System.Windows.Forms.Control.CreateControl(Boolean fIgnoreVisible)
   at System.Windows.Forms.Control.CreateControl()
   at System.Windows.Forms.Control.WmShowWindow(Message& m)
   at System.Windows.Forms.Control.WndProc(Message& m)
   at System.Windows.Forms.ScrollableControl.WndProc(Message& m)
   at System.Windows.Forms.Form.WmShowWindow(Message& m)
   at System.Windows.Forms.Form.WndProc(Message& m)
   at System.Windows.Forms.Control.ControlNativeWindow.OnMessage(Message& m)
   at System.Windows.Forms.Control.ControlNativeWindow.WndProc(Message& m)
   at System.Windows.Forms.NativeWindow.Callback(IntPtr hWnd, Int32 msg, IntPtr wparam, IntPtr lparam)    at System.Windows.Forms.Layout.TableLayout.AssignRowsAndColumns(ContainerInfo containerInfo)
   at System.Windows.Forms.Layout.TableLayout.LayoutCore(IArrangedElement container, LayoutEventArgs args)
   at System.Windows.Forms.Layout.LayoutEngine.Layout(Object container, LayoutEventArgs layoutEventArgs)
   at System.Windows.Forms.Control.OnLayout(LayoutEventArgs levent)
   at System.Windows.Forms.ScrollableControl.OnLayout(LayoutEventArgs levent)
   at System.Windows.Forms.TableLayoutPanel.OnLayout(LayoutEventArgs levent)
   at System.Windows.Forms.Control.PerformLayout(LayoutEventArgs args)
   at System.Windows.Forms.Control.System.Windows.Forms.Layout.IArrangedElement.PerformLayout(IArrangedElement affectedElement, String affectedProperty)
   at System.Windows.Forms.Control.ControlCollection.Add(Control value)
   at Common.Controls.DiscreteColorPicker.DiscreteColorPicker_Load(Object sender, EventArgs e)
   at System.Windows.Forms.Form.OnLoad(EventArgs e)
   at System.Windows.Forms.Form.OnCreateControl()
   at System.Windows.Forms.Control.CreateControl(Boolean fIgnoreVisible)
   at System.Windows.Forms.Control.CreateControl()
   at System.Windows.Forms.Control.WmShowWindow(Message& m)
   at System.Windows.Forms.Control.WndProc(Message& m)
   at System.Windows.Forms.ScrollableControl.WndProc(Message& m)
   at System.Windows.Forms.Form.WmShowWindow(Message& m)
   at System.Windows.Forms.Form.WndProc(Message& m)
   at System.Windows.Forms.Control.ControlNativeWindow.OnMessage(Message& m)
   at System.Windows.Forms.Control.ControlNativeWindow.WndProc(Message& m)
   at System.Windows.Forms.NativeWindow.Callback(IntPtr hWnd, Int32 msg, IntPtr wparam, IntPtr lparam)
11/24/2017 22:16:16 [VixenApplication.Program] An application error occurred. Please contact the Vixen Dev Team with the following information:

 System.ArgumentException: Additional Rows or Columns cannot be created.  TableLayoutPanel is full and GrowStyle is 'FixedSize'.
   at System.Windows.Forms.Layout.TableLayout.AssignRowsAndColumns(ContainerInfo containerInfo)
   at System.Windows.Forms.Layout.TableLayout.LayoutCore(IArrangedElement container, LayoutEventArgs args)
   at System.Windows.Forms.Layout.LayoutEngine.Layout(Object container, LayoutEventArgs layoutEventArgs)
   at System.Windows.Forms.Control.OnLayout(LayoutEventArgs levent)
   at System.Windows.Forms.ScrollableControl.OnLayout(LayoutEventArgs levent)
   at System.Windows.Forms.TableLayoutPanel.OnLayout(LayoutEventArgs levent)
   at System.Windows.Forms.Control.PerformLayout(LayoutEventArgs args)
   at System.Windows.Forms.Control.System.Windows.Forms.Layout.IArrangedElement.PerformLayout(IArrangedElement affectedElement, String affectedProperty)
   at System.Windows.Forms.Control.ControlCollection.Add(Control value)
   at Common.Controls.DiscreteColorPicker.DiscreteColorPicker_Load(Object sender, EventArgs e)
   at System.Windows.Forms.Form.OnLoad(EventArgs e)
   at System.Windows.Forms.Form.OnCreateControl()
   at System.Windows.Forms.Control.CreateControl(Boolean fIgnoreVisible)
   at System.Windows.Forms.Control.CreateControl()
   at System.Windows.Forms.Control.WmShowWindow(Message& m)
   at System.Windows.Forms.Control.WndProc(Message& m)
   at System.Windows.Forms.ScrollableControl.WndProc(Message& m)
   at System.Windows.Forms.Form.WmShowWindow(Message& m)
   at System.Windows.Forms.Form.WndProc(Message& m)
   at System.Windows.Forms.Control.ControlNativeWindow.OnMessage(Message& m)
   at System.Windows.Forms.Control.ControlNativeWindow.WndProc(Message& m)
   at System.Windows.Forms.NativeWindow.Callback(IntPtr hWnd, Int32 msg, IntPtr wparam, IntPtr lparam)    at System.Windows.Forms.Layout.TableLayout.AssignRowsAndColumns(ContainerInfo containerInfo)
   at System.Windows.Forms.Layout.TableLayout.LayoutCore(IArrangedElement container, LayoutEventArgs args)
   at System.Windows.Forms.Layout.LayoutEngine.Layout(Object container, LayoutEventArgs layoutEventArgs)
   at System.Windows.Forms.Control.OnLayout(LayoutEventArgs levent)
   at System.Windows.Forms.ScrollableControl.OnLayout(LayoutEventArgs levent)
   at System.Windows.Forms.TableLayoutPanel.OnLayout(LayoutEventArgs levent)
   at System.Windows.Forms.Control.PerformLayout(LayoutEventArgs args)
   at System.Windows.Forms.Control.System.Windows.Forms.Layout.IArrangedElement.PerformLayout(IArrangedElement affectedElement, String affectedProperty)
   at System.Windows.Forms.Control.ControlCollection.Add(Control value)
   at Common.Controls.DiscreteColorPicker.DiscreteColorPicker_Load(Object sender, EventArgs e)
   at System.Windows.Forms.Form.OnLoad(EventArgs e)
   at System.Windows.Forms.Form.OnCreateControl()
   at System.Windows.Forms.Control.CreateControl(Boolean fIgnoreVisible)
   at System.Windows.Forms.Control.CreateControl()
   at System.Windows.Forms.Control.WmShowWindow(Message& m)
   at System.Windows.Forms.Control.WndProc(Message& m)
   at System.Windows.Forms.ScrollableControl.WndProc(Message& m)
   at System.Windows.Forms.Form.WmShowWindow(Message& m)
   at System.Windows.Forms.Form.WndProc(Message& m)
   at System.Windows.Forms.Control.ControlNativeWindow.OnMessage(Message& m)
   at System.Windows.Forms.Control.ControlNativeWindow.WndProc(Message& m)
   at System.Windows.Forms.NativeWindow.Callback(IntPtr hWnd, Int32 msg, IntPtr wparam, IntPtr lparam)
