11/19/2017 18:26:16 [Vixen.Sys.VixenSystem] Vixen System starting up... 
11/19/2017 18:26:18 [Vixen.Sys.State.Execution.OpeningState] Vixen execution engine entering the open state... 
11/19/2017 18:26:18 [VixenModules.Output.Renard.Module] Starting retry counter for com port access. Retry count is 1 
11/19/2017 18:26:18 [Vixen.Sys.State.Execution.OpenState] Vixen execution engine entered the open state. 
11/19/2017 18:26:18 [Vixen.Sys.VixenSystem] Vixen System successfully started. 
11/19/2017 18:28:18 [VixenModules.Output.Renard.Module] Attempting to start controller. 
11/19/2017 18:28:18 [VixenModules.Output.Renard.Module] Starting retry counter for com port access. Retry count is 2 
11/19/2017 18:30:18 [VixenModules.Output.Renard.Module] Attempting to start controller. 
11/19/2017 18:30:18 [VixenModules.Output.Renard.Module] Starting retry counter for com port access. Retry count is 3 
11/19/2017 18:32:18 [VixenModules.Output.Renard.Module] Attempting to start controller. 
11/19/2017 18:32:18 [VixenModules.Output.Renard.Module] Retry counter for com port access has exceeded max tries.  Controller has been stopped. 
11/19/2017 19:07:31 [Vixen.Sys.State.Execution.ClosingState] Vixen execution engine entering the closing state... 
11/19/2017 19:07:32 [Vixen.Sys.State.Execution.ClosedState] Vixen execution engine entered the closed state. 
11/19/2017 19:07:32 [Vixen.Sys.State.Execution.OpeningState] Vixen execution engine entering the open state... 
11/19/2017 19:07:32 [VixenModules.Output.Renard.Module] Starting retry counter for com port access. Retry count is 1 
11/19/2017 19:07:32 [Vixen.Sys.State.Execution.OpenState] Vixen execution engine entered the open state. 
11/19/2017 19:09:32 [VixenModules.Output.Renard.Module] Attempting to start controller. 
11/19/2017 19:09:32 [VixenModules.Output.Renard.Module] Starting retry counter for com port access. Retry count is 2 
11/19/2017 19:11:32 [VixenModules.Output.Renard.Module] Attempting to start controller. 
11/19/2017 19:11:32 [VixenModules.Output.Renard.Module] Starting retry counter for com port access. Retry count is 3 
11/19/2017 19:13:32 [VixenModules.Output.Renard.Module] Attempting to start controller. 
11/19/2017 19:13:32 [VixenModules.Output.Renard.Module] Retry counter for com port access has exceeded max tries.  Controller has been stopped. 
