11/24/2017 17:21:43 [Vixen.Sys.State.Execution.ClosingState] Vixen execution engine entering the closing state... 
11/24/2017 17:21:43 [Vixen.Sys.State.Execution.ClosedState] Vixen execution engine entered the closed state. 
11/24/2017 17:21:43 [Vixen.Sys.State.Execution.OpeningState] Vixen execution engine entering the open state... 
11/24/2017 17:21:43 [VixenModules.Output.Renard.Module] Starting retry counter for com port access. Retry count is 1 
11/24/2017 17:21:43 [Vixen.Sys.State.Execution.OpenState] Vixen execution engine entered the open state. 
11/24/2017 17:23:43 [VixenModules.Output.Renard.Module] Attempting to start controller. 
11/24/2017 17:23:43 [VixenModules.Output.Renard.Module] Starting retry counter for com port access. Retry count is 2 
11/24/2017 17:25:43 [VixenModules.Output.Renard.Module] Attempting to start controller. 
11/24/2017 17:25:43 [VixenModules.Output.Renard.Module] Starting retry counter for com port access. Retry count is 3 
11/24/2017 17:27:43 [VixenModules.Output.Renard.Module] Attempting to start controller. 
11/24/2017 17:27:43 [VixenModules.Output.Renard.Module] Retry counter for com port access has exceeded max tries.  Controller has been stopped. 
11/24/2017 17:35:58 [Vixen.Sys.State.Execution.ClosingState] Vixen execution engine entering the closing state... 
11/24/2017 17:35:58 [Vixen.Sys.State.Execution.ClosedState] Vixen execution engine entered the closed state. 
11/24/2017 17:35:58 [Vixen.Sys.State.Execution.OpeningState] Vixen execution engine entering the open state... 
11/24/2017 17:35:58 [VixenModules.Output.Renard.Module] Starting retry counter for com port access. Retry count is 1 
11/24/2017 17:35:58 [Vixen.Sys.State.Execution.OpenState] Vixen execution engine entered the open state. 
11/24/2017 17:36:40 [Vixen.Sys.VixenSystem] Vixen System starting up... 
11/24/2017 17:36:41 [Vixen.Sys.State.Execution.OpeningState] Vixen execution engine entering the open state... 
11/24/2017 17:36:41 [VixenModules.Output.Renard.Module] Starting retry counter for com port access. Retry count is 1 
11/24/2017 17:36:41 [Vixen.Sys.State.Execution.OpenState] Vixen execution engine entered the open state. 
11/24/2017 17:36:41 [Vixen.Sys.VixenSystem] Vixen System successfully started. 
11/24/2017 17:38:41 [VixenModules.Output.Renard.Module] Attempting to start controller. 
11/24/2017 17:38:41 [VixenModules.Output.Renard.Module] Starting retry counter for com port access. Retry count is 2 
11/24/2017 17:40:41 [VixenModules.Output.Renard.Module] Attempting to start controller. 
11/24/2017 17:40:41 [VixenModules.Output.Renard.Module] Starting retry counter for com port access. Retry count is 3 
11/24/2017 17:42:41 [VixenModules.Output.Renard.Module] Attempting to start controller. 
11/24/2017 17:42:41 [VixenModules.Output.Renard.Module] Retry counter for com port access has exceeded max tries.  Controller has been stopped. 
11/24/2017 20:13:47 [Vixen.Sys.State.Execution.ClosingState] Vixen execution engine entering the closing state... 
11/24/2017 20:13:47 [Vixen.Sys.State.Execution.ClosedState] Vixen execution engine entered the closed state. 
11/24/2017 20:13:47 [Vixen.Sys.State.Execution.OpeningState] Vixen execution engine entering the open state... 
11/24/2017 20:13:47 [VixenModules.Output.Renard.Module] Starting retry counter for com port access. Retry count is 1 
11/24/2017 20:13:47 [Vixen.Sys.State.Execution.OpenState] Vixen execution engine entered the open state. 
11/24/2017 20:13:49 [Vixen.Sys.VixenSystem] Vixen System stopping... 
11/24/2017 20:13:49 [Vixen.Sys.State.Execution.ClosingState] Vixen execution engine entering the closing state... 
11/24/2017 20:13:49 [Vixen.Sys.State.Execution.ClosedState] Vixen execution engine entered the closed state. 
11/24/2017 20:13:49 [Vixen.Sys.VixenSystem] Vixen System successfully stopped. 
11/24/2017 21:09:05 [Vixen.Sys.VixenSystem] Vixen System starting up... 
11/24/2017 21:09:06 [Vixen.Sys.State.Execution.OpeningState] Vixen execution engine entering the open state... 
11/24/2017 21:09:06 [VixenModules.Output.Renard.Module] Starting retry counter for com port access. Retry count is 1 
11/24/2017 21:09:06 [Vixen.Sys.State.Execution.OpenState] Vixen execution engine entered the open state. 
11/24/2017 21:09:06 [Vixen.Sys.VixenSystem] Vixen System successfully started. 
11/24/2017 21:11:06 [VixenModules.Output.Renard.Module] Attempting to start controller. 
11/24/2017 21:11:06 [VixenModules.Output.Renard.Module] Starting retry counter for com port access. Retry count is 2 
11/24/2017 21:13:06 [VixenModules.Output.Renard.Module] Attempting to start controller. 
11/24/2017 21:13:06 [VixenModules.Output.Renard.Module] Starting retry counter for com port access. Retry count is 3 
11/24/2017 21:15:06 [VixenModules.Output.Renard.Module] Attempting to start controller. 
11/24/2017 21:15:06 [VixenModules.Output.Renard.Module] Retry counter for com port access has exceeded max tries.  Controller has been stopped. 
11/24/2017 22:11:29 [Vixen.Sys.VixenSystem] Vixen System starting up... 
11/24/2017 22:11:30 [Vixen.Sys.State.Execution.OpeningState] Vixen execution engine entering the open state... 
11/24/2017 22:11:30 [VixenModules.Output.Renard.Module] Starting retry counter for com port access. Retry count is 1 
11/24/2017 22:11:30 [Vixen.Sys.State.Execution.OpenState] Vixen execution engine entered the open state. 
11/24/2017 22:11:30 [Vixen.Sys.VixenSystem] Vixen System successfully started. 
11/24/2017 22:12:13 [Vixen.Sys.VixenSystem] Vixen System starting up... 
11/24/2017 22:12:14 [Vixen.Sys.State.Execution.OpeningState] Vixen execution engine entering the open state... 
11/24/2017 22:12:14 [VixenModules.Output.Renard.Module] Starting retry counter for com port access. Retry count is 1 
11/24/2017 22:12:14 [Vixen.Sys.State.Execution.OpenState] Vixen execution engine entered the open state. 
11/24/2017 22:12:14 [Vixen.Sys.VixenSystem] Vixen System successfully started. 
11/24/2017 22:14:14 [VixenModules.Output.Renard.Module] Attempting to start controller. 
11/24/2017 22:14:14 [VixenModules.Output.Renard.Module] Starting retry counter for com port access. Retry count is 2 
11/24/2017 22:16:14 [VixenModules.Output.Renard.Module] Attempting to start controller. 
11/24/2017 22:16:14 [VixenModules.Output.Renard.Module] Starting retry counter for com port access. Retry count is 3 
11/24/2017 22:16:35 [Vixen.Sys.VixenSystem] Vixen System starting up... 
11/24/2017 22:16:36 [Vixen.Sys.State.Execution.OpeningState] Vixen execution engine entering the open state... 
11/24/2017 22:16:36 [VixenModules.Output.Renard.Module] Starting retry counter for com port access. Retry count is 1 
11/24/2017 22:16:36 [Vixen.Sys.State.Execution.OpenState] Vixen execution engine entered the open state. 
11/24/2017 22:16:36 [Vixen.Sys.VixenSystem] Vixen System successfully started. 
11/24/2017 22:18:36 [VixenModules.Output.Renard.Module] Attempting to start controller. 
11/24/2017 22:18:36 [VixenModules.Output.Renard.Module] Starting retry counter for com port access. Retry count is 2 
11/24/2017 22:20:36 [VixenModules.Output.Renard.Module] Attempting to start controller. 
11/24/2017 22:20:36 [VixenModules.Output.Renard.Module] Starting retry counter for com port access. Retry count is 3 
11/24/2017 22:22:36 [VixenModules.Output.Renard.Module] Attempting to start controller. 
11/24/2017 22:22:36 [VixenModules.Output.Renard.Module] Retry counter for com port access has exceeded max tries.  Controller has been stopped. 
11/24/2017 22:23:46 [Vixen.Sys.VixenSystem] Vixen System stopping... 
11/24/2017 22:23:46 [Vixen.Sys.State.Execution.ClosingState] Vixen execution engine entering the closing state... 
11/24/2017 22:23:46 [Vixen.Sys.State.Execution.ClosedState] Vixen execution engine entered the closed state. 
11/24/2017 22:23:46 [Vixen.Sys.VixenSystem] Vixen System successfully stopped. 
11/24/2017 22:24:01 [Vixen.Sys.VixenSystem] Vixen System starting up... 
11/24/2017 22:24:02 [Vixen.Sys.State.Execution.OpeningState] Vixen execution engine entering the open state... 
11/24/2017 22:24:02 [VixenModules.Output.Renard.Module] Starting retry counter for com port access. Retry count is 1 
11/24/2017 22:24:02 [Vixen.Sys.State.Execution.OpenState] Vixen execution engine entered the open state. 
11/24/2017 22:24:02 [Vixen.Sys.VixenSystem] Vixen System successfully started. 
11/24/2017 22:26:02 [VixenModules.Output.Renard.Module] Attempting to start controller. 
11/24/2017 22:26:02 [VixenModules.Output.Renard.Module] Starting retry counter for com port access. Retry count is 2 
11/24/2017 22:26:30 [Vixen.Sys.VixenSystem] Vixen System stopping... 
11/24/2017 22:26:30 [Vixen.Sys.State.Execution.ClosingState] Vixen execution engine entering the closing state... 
11/24/2017 22:26:30 [Vixen.Sys.State.Execution.ClosedState] Vixen execution engine entered the closed state. 
11/24/2017 22:26:30 [Vixen.Sys.VixenSystem] Vixen System successfully stopped. 
