05/08/2017 20:12:59 [VixenApplication.Program] An application error occurred. Please contact the Vixen Dev Team with the following information:

 System.NullReferenceException: Object reference not set to an instance of an object.
   at Vixen.Sys.Managers.ContextManager.ReleaseContext(IContext context)
   at VixenModules.Editor.TimedSequenceEditor.TimedSequenceEditorForm.OnFormClosed(FormClosedEventArgs e)
   at System.Windows.Forms.Form.RaiseFormClosedOnAppExit()
   at System.Windows.Forms.Application.ExitInternal()
   at System.Windows.Forms.Application.Exit(CancelEventArgs e)
   at VixenApplication.VixenApplication.VixenApp_FormClosing(Object sender, FormClosingEventArgs e)
   at System.Windows.Forms.Form.OnFormClosing(FormClosingEventArgs e)
   at System.Windows.Forms.Form.WmClose(Message& m)
   at System.Windows.Forms.Form.WndProc(Message& m)
   at System.Windows.Forms.Control.ControlNativeWindow.OnMessage(Message& m)
   at System.Windows.Forms.Control.ControlNativeWindow.WndProc(Message& m)
   at System.Windows.Forms.NativeWindow.Callback(IntPtr hWnd, Int32 msg, IntPtr wparam, IntPtr lparam)    at Vixen.Sys.Managers.ContextManager.ReleaseContext(IContext context)
   at VixenModules.Editor.TimedSequenceEditor.TimedSequenceEditorForm.OnFormClosed(FormClosedEventArgs e)
   at System.Windows.Forms.Form.RaiseFormClosedOnAppExit()
   at System.Windows.Forms.Application.ExitInternal()
   at System.Windows.Forms.Application.Exit(CancelEventArgs e)
   at VixenApplication.VixenApplication.VixenApp_FormClosing(Object sender, FormClosingEventArgs e)
   at System.Windows.Forms.Form.OnFormClosing(FormClosingEventArgs e)
   at System.Windows.Forms.Form.WmClose(Message& m)
   at System.Windows.Forms.Form.WndProc(Message& m)
   at System.Windows.Forms.Control.ControlNativeWindow.OnMessage(Message& m)
   at System.Windows.Forms.Control.ControlNativeWindow.WndProc(Message& m)
   at System.Windows.Forms.NativeWindow.Callback(IntPtr hWnd, Int32 msg, IntPtr wparam, IntPtr lparam)
05/08/2017 20:47:08 [VixenApplication.Program] An application error occurred. Please contact the Vixen Dev Team with the following information:

 System.ArgumentOutOfRangeException: Enum value was out of legal range.
Parameter name: StopBits
   at System.IO.Ports.SerialPort.set_StopBits(StopBits value)
   at System.IO.Ports.SerialPort..ctor(String portName, Int32 baudRate, Parity parity, Int32 dataBits, StopBits stopBits)
   at Common.Controls.SerialPortConfig.get_SelectedPort()
   at VixenModules.Output.Renard.Module.Setup()
   at Vixen.Sys.Output.OutputModuleConsumer`1.Setup()
   at Vixen.Sys.Output.OutputController.Setup()
   at Common.Controls.ControllerTree.ConfigureController(IControllerDevice controller)
   at VixenApplication.Setup.SetupControllersSimple.buttonConfigureController_Click(Object sender, EventArgs e)
   at System.Windows.Forms.Control.OnClick(EventArgs e)
   at System.Windows.Forms.Button.OnClick(EventArgs e)
   at System.Windows.Forms.Button.OnMouseUp(MouseEventArgs mevent)
   at System.Windows.Forms.Control.WmMouseUp(Message& m, MouseButtons button, Int32 clicks)
   at System.Windows.Forms.Control.WndProc(Message& m)
   at System.Windows.Forms.ButtonBase.WndProc(Message& m)
   at System.Windows.Forms.Button.WndProc(Message& m)
   at System.Windows.Forms.Control.ControlNativeWindow.OnMessage(Message& m)
   at System.Windows.Forms.Control.ControlNativeWindow.WndProc(Message& m)
   at System.Windows.Forms.NativeWindow.Callback(IntPtr hWnd, Int32 msg, IntPtr wparam, IntPtr lparam)    at System.IO.Ports.SerialPort.set_StopBits(StopBits value)
   at System.IO.Ports.SerialPort..ctor(String portName, Int32 baudRate, Parity parity, Int32 dataBits, StopBits stopBits)
   at Common.Controls.SerialPortConfig.get_SelectedPort()
   at VixenModules.Output.Renard.Module.Setup()
   at Vixen.Sys.Output.OutputModuleConsumer`1.Setup()
   at Vixen.Sys.Output.OutputController.Setup()
   at Common.Controls.ControllerTree.ConfigureController(IControllerDevice controller)
   at VixenApplication.Setup.SetupControllersSimple.buttonConfigureController_Click(Object sender, EventArgs e)
   at System.Windows.Forms.Control.OnClick(EventArgs e)
   at System.Windows.Forms.Button.OnClick(EventArgs e)
   at System.Windows.Forms.Button.OnMouseUp(MouseEventArgs mevent)
   at System.Windows.Forms.Control.WmMouseUp(Message& m, MouseButtons button, Int32 clicks)
   at System.Windows.Forms.Control.WndProc(Message& m)
   at System.Windows.Forms.ButtonBase.WndProc(Message& m)
   at System.Windows.Forms.Button.WndProc(Message& m)
   at System.Windows.Forms.Control.ControlNativeWindow.OnMessage(Message& m)
   at System.Windows.Forms.Control.ControlNativeWindow.WndProc(Message& m)
   at System.Windows.Forms.NativeWindow.Callback(IntPtr hWnd, Int32 msg, IntPtr wparam, IntPtr lparam)
