11/21/2017 14:34:40 [Vixen.Sys.VixenSystem] Vixen System stopping... 
11/21/2017 14:34:40 [Vixen.Sys.State.Execution.ClosingState] Vixen execution engine entering the closing state... 
11/21/2017 14:34:40 [Vixen.Sys.State.Execution.ClosedState] Vixen execution engine entered the closed state. 
11/21/2017 14:34:41 [Vixen.Sys.VixenSystem] Vixen System successfully stopped. 
11/21/2017 16:24:20 [Vixen.Sys.VixenSystem] Vixen System starting up... 
11/21/2017 16:24:21 [Vixen.Sys.State.Execution.OpeningState] Vixen execution engine entering the open state... 
11/21/2017 16:24:22 [Vixen.Sys.State.Execution.OpenState] Vixen execution engine entered the open state. 
11/21/2017 16:24:22 [Vixen.Sys.VixenSystem] Vixen System successfully started. 
11/21/2017 19:53:31 [Vixen.Sys.VixenSystem] Vixen System stopping... 
11/21/2017 19:53:31 [Vixen.Sys.State.Execution.ClosingState] Vixen execution engine entering the closing state... 
11/21/2017 19:53:31 [Vixen.Sys.State.Execution.ClosedState] Vixen execution engine entered the closed state. 
11/21/2017 19:53:31 [Vixen.Sys.VixenSystem] Vixen System successfully stopped. 
11/21/2017 19:53:33 [Vixen.Sys.VixenSystem] Vixen System starting up... 
11/21/2017 19:53:35 [Vixen.Sys.State.Execution.OpeningState] Vixen execution engine entering the open state... 
11/21/2017 19:53:35 [Vixen.Sys.State.Execution.OpenState] Vixen execution engine entered the open state. 
11/21/2017 19:53:35 [Vixen.Sys.VixenSystem] Vixen System successfully started. 
11/21/2017 19:53:55 [Vixen.Sys.VixenSystem] Vixen System stopping... 
11/21/2017 19:53:55 [Vixen.Sys.State.Execution.ClosingState] Vixen execution engine entering the closing state... 
11/21/2017 19:53:55 [Vixen.Sys.State.Execution.ClosedState] Vixen execution engine entered the closed state. 
11/21/2017 19:53:55 [Vixen.Sys.VixenSystem] Vixen System successfully stopped. 
11/21/2017 19:54:32 [Vixen.Sys.VixenSystem] Vixen System starting up... 
11/21/2017 19:54:33 [Vixen.Sys.State.Execution.OpeningState] Vixen execution engine entering the open state... 
11/21/2017 19:54:33 [Vixen.Sys.State.Execution.OpenState] Vixen execution engine entered the open state. 
11/21/2017 19:54:33 [Vixen.Sys.VixenSystem] Vixen System successfully started. 
11/21/2017 20:32:46 [Vixen.Sys.State.Execution.ClosingState] Vixen execution engine entering the closing state... 
11/21/2017 20:32:46 [Vixen.Sys.State.Execution.ClosedState] Vixen execution engine entered the closed state. 
11/21/2017 20:32:46 [Vixen.Sys.State.Execution.OpeningState] Vixen execution engine entering the open state... 
11/21/2017 20:32:46 [Vixen.Sys.State.Execution.OpenState] Vixen execution engine entered the open state. 
11/21/2017 20:36:04 [Vixen.Sys.State.Execution.ClosingState] Vixen execution engine entering the closing state... 
11/21/2017 20:36:04 [Vixen.Sys.State.Execution.ClosedState] Vixen execution engine entered the closed state. 
11/21/2017 20:36:04 [Vixen.Sys.State.Execution.OpeningState] Vixen execution engine entering the open state... 
11/21/2017 20:36:04 [Vixen.Sys.State.Execution.OpenState] Vixen execution engine entered the open state. 
11/21/2017 20:58:21 [Vixen.Sys.VixenSystem] Vixen System starting up... 
11/21/2017 20:58:22 [Vixen.Sys.State.Execution.OpeningState] Vixen execution engine entering the open state... 
11/21/2017 20:58:22 [Vixen.Sys.State.Execution.OpenState] Vixen execution engine entered the open state. 
11/21/2017 20:58:22 [Vixen.Sys.VixenSystem] Vixen System successfully started. 
11/21/2017 21:05:21 [Vixen.Sys.VixenSystem] Vixen System stopping... 
11/21/2017 21:05:21 [Vixen.Sys.State.Execution.ClosingState] Vixen execution engine entering the closing state... 
11/21/2017 21:05:21 [Vixen.Sys.State.Execution.ClosedState] Vixen execution engine entered the closed state. 
11/21/2017 21:05:21 [Vixen.Sys.VixenSystem] Vixen System successfully stopped. 
11/21/2017 21:05:23 [Vixen.Sys.VixenSystem] Vixen System starting up... 
11/21/2017 21:05:24 [Vixen.Sys.State.Execution.OpeningState] Vixen execution engine entering the open state... 
11/21/2017 21:05:24 [Vixen.Sys.State.Execution.OpenState] Vixen execution engine entered the open state. 
11/21/2017 21:05:24 [Vixen.Sys.VixenSystem] Vixen System successfully started. 
11/21/2017 21:26:14 [Vixen.Sys.VixenSystem] Vixen System stopping... 
11/21/2017 21:26:14 [Vixen.Sys.State.Execution.ClosingState] Vixen execution engine entering the closing state... 
11/21/2017 21:26:14 [Vixen.Sys.State.Execution.ClosedState] Vixen execution engine entered the closed state. 
11/21/2017 21:26:14 [Vixen.Sys.VixenSystem] Vixen System successfully stopped. 
11/21/2017 21:40:26 [Vixen.Sys.VixenSystem] Vixen System starting up... 
11/21/2017 21:40:27 [Vixen.Sys.State.Execution.OpeningState] Vixen execution engine entering the open state... 
11/21/2017 21:40:27 [VixenModules.Output.Renard.Module] Starting retry counter for com port access. Retry count is 1 
11/21/2017 21:40:27 [VixenModules.Output.Renard.Module] Starting retry counter for com port access. Retry count is 1 
11/21/2017 21:40:27 [Vixen.Sys.State.Execution.OpenState] Vixen execution engine entered the open state. 
11/21/2017 21:40:27 [Vixen.Sys.VixenSystem] Vixen System successfully started. 
11/21/2017 21:41:57 [Vixen.Sys.VixenSystem] Vixen System stopping... 
11/21/2017 21:41:57 [Vixen.Sys.State.Execution.ClosingState] Vixen execution engine entering the closing state... 
11/21/2017 21:41:57 [Vixen.Sys.State.Execution.ClosedState] Vixen execution engine entered the closed state. 
11/21/2017 21:41:57 [Vixen.Sys.VixenSystem] Vixen System successfully stopped. 
11/21/2017 21:42:00 [Vixen.Sys.VixenSystem] Vixen System starting up... 
11/21/2017 21:42:01 [Vixen.Sys.State.Execution.OpeningState] Vixen execution engine entering the open state... 
11/21/2017 21:42:01 [VixenModules.Output.Renard.Module] Starting retry counter for com port access. Retry count is 1 
11/21/2017 21:42:01 [Vixen.Sys.State.Execution.OpenState] Vixen execution engine entered the open state. 
11/21/2017 21:42:01 [Vixen.Sys.VixenSystem] Vixen System successfully started. 
11/21/2017 21:43:16 [Vixen.Sys.State.Execution.ClosingState] Vixen execution engine entering the closing state... 
11/21/2017 21:43:16 [Vixen.Sys.State.Execution.ClosedState] Vixen execution engine entered the closed state. 
11/21/2017 21:43:16 [Vixen.Sys.State.Execution.OpeningState] Vixen execution engine entering the open state... 
11/21/2017 21:43:16 [VixenModules.Output.Renard.Module] Starting retry counter for com port access. Retry count is 1 
11/21/2017 21:43:16 [Vixen.Sys.State.Execution.OpenState] Vixen execution engine entered the open state. 
11/21/2017 21:43:22 [Vixen.Sys.State.Execution.ClosingState] Vixen execution engine entering the closing state... 
11/21/2017 21:43:23 [Vixen.Sys.State.Execution.ClosedState] Vixen execution engine entered the closed state. 
11/21/2017 21:43:23 [Vixen.Sys.State.Execution.OpeningState] Vixen execution engine entering the open state... 
11/21/2017 21:43:23 [VixenModules.Output.Renard.Module] Starting retry counter for com port access. Retry count is 1 
11/21/2017 21:43:23 [Vixen.Sys.State.Execution.OpenState] Vixen execution engine entered the open state. 
11/21/2017 21:44:01 [VixenModules.Output.Renard.Module] Attempting to start controller. 
11/21/2017 21:44:01 [VixenModules.Output.Renard.Module] Starting retry counter for com port access. Retry count is 2 
11/21/2017 21:45:09 [Vixen.Sys.State.Execution.ClosingState] Vixen execution engine entering the closing state... 
11/21/2017 21:45:09 [Vixen.Sys.State.Execution.ClosedState] Vixen execution engine entered the closed state. 
11/21/2017 21:45:09 [Vixen.Sys.State.Execution.OpeningState] Vixen execution engine entering the open state... 
11/21/2017 21:45:09 [VixenModules.Output.Renard.Module] Starting retry counter for com port access. Retry count is 1 
11/21/2017 21:45:09 [Vixen.Sys.State.Execution.OpenState] Vixen execution engine entered the open state. 
11/21/2017 21:45:16 [VixenModules.Output.Renard.Module] Attempting to start controller. 
11/21/2017 21:45:16 [VixenModules.Output.Renard.Module] Starting retry counter for com port access. Retry count is 2 
11/21/2017 21:45:23 [VixenModules.Output.Renard.Module] Attempting to start controller. 
11/21/2017 21:45:23 [VixenModules.Output.Renard.Module] Starting retry counter for com port access. Retry count is 2 
11/21/2017 21:46:01 [VixenModules.Output.Renard.Module] Attempting to start controller. 
11/21/2017 21:46:01 [VixenModules.Output.Renard.Module] Starting retry counter for com port access. Retry count is 3 
11/21/2017 21:46:49 [Vixen.Sys.VixenSystem] Vixen System stopping... 
11/21/2017 21:46:49 [Vixen.Sys.State.Execution.ClosingState] Vixen execution engine entering the closing state... 
11/21/2017 21:46:50 [Vixen.Sys.State.Execution.ClosedState] Vixen execution engine entered the closed state. 
11/21/2017 21:46:50 [Vixen.Sys.VixenSystem] Vixen System successfully stopped. 
11/21/2017 21:46:52 [Vixen.Sys.VixenSystem] Vixen System starting up... 
11/21/2017 21:46:53 [Vixen.Sys.State.Execution.OpeningState] Vixen execution engine entering the open state... 
11/21/2017 21:46:53 [VixenModules.Output.Renard.Module] Starting retry counter for com port access. Retry count is 1 
11/21/2017 21:46:53 [Vixen.Sys.State.Execution.OpenState] Vixen execution engine entered the open state. 
11/21/2017 21:46:53 [Vixen.Sys.VixenSystem] Vixen System successfully started. 
11/21/2017 21:47:15 [Vixen.Sys.State.Execution.ClosingState] Vixen execution engine entering the closing state... 
11/21/2017 21:47:15 [Vixen.Sys.State.Execution.ClosedState] Vixen execution engine entered the closed state. 
11/21/2017 21:47:15 [Vixen.Sys.State.Execution.OpeningState] Vixen execution engine entering the open state... 
11/21/2017 21:47:15 [VixenModules.Output.Renard.Module] Starting retry counter for com port access. Retry count is 1 
11/21/2017 21:47:15 [Vixen.Sys.State.Execution.OpenState] Vixen execution engine entered the open state. 
11/21/2017 21:47:36 [Vixen.Sys.VixenSystem] Vixen System stopping... 
11/21/2017 21:47:36 [Vixen.Sys.State.Execution.ClosingState] Vixen execution engine entering the closing state... 
11/21/2017 21:47:36 [Vixen.Sys.State.Execution.ClosedState] Vixen execution engine entered the closed state. 
11/21/2017 21:47:36 [Vixen.Sys.VixenSystem] Vixen System successfully stopped. 
11/21/2017 21:47:39 [Vixen.Sys.VixenSystem] Vixen System starting up... 
11/21/2017 21:47:40 [Vixen.Sys.State.Execution.OpeningState] Vixen execution engine entering the open state... 
11/21/2017 21:47:40 [Vixen.Sys.State.Execution.OpenState] Vixen execution engine entered the open state. 
11/21/2017 21:47:40 [Vixen.Sys.VixenSystem] Vixen System successfully started. 
11/21/2017 21:47:46 [Vixen.Sys.State.Execution.ClosingState] Vixen execution engine entering the closing state... 
11/21/2017 21:47:46 [Vixen.Sys.State.Execution.ClosedState] Vixen execution engine entered the closed state. 
11/21/2017 21:47:46 [Vixen.Sys.State.Execution.OpeningState] Vixen execution engine entering the open state... 
11/21/2017 21:47:46 [Vixen.Sys.State.Execution.OpenState] Vixen execution engine entered the open state. 
11/21/2017 21:48:10 [Vixen.Sys.VixenSystem] Vixen System stopping... 
11/21/2017 21:48:10 [Vixen.Sys.State.Execution.ClosingState] Vixen execution engine entering the closing state... 
11/21/2017 21:48:10 [Vixen.Sys.State.Execution.ClosedState] Vixen execution engine entered the closed state. 
11/21/2017 21:48:10 [Vixen.Sys.VixenSystem] Vixen System successfully stopped. 
11/21/2017 21:48:12 [Vixen.Sys.VixenSystem] Vixen System starting up... 
11/21/2017 21:48:14 [Vixen.Sys.State.Execution.OpeningState] Vixen execution engine entering the open state... 
11/21/2017 21:48:14 [VixenModules.Output.Renard.Module] Starting retry counter for com port access. Retry count is 1 
11/21/2017 21:48:14 [Vixen.Sys.State.Execution.OpenState] Vixen execution engine entered the open state. 
11/21/2017 21:48:14 [Vixen.Sys.VixenSystem] Vixen System successfully started. 
11/21/2017 21:50:14 [VixenModules.Output.Renard.Module] Attempting to start controller. 
11/21/2017 21:50:14 [VixenModules.Output.Renard.Module] Starting retry counter for com port access. Retry count is 2 
11/21/2017 21:51:05 [Vixen.Sys.VixenSystem] Vixen System starting up... 
11/21/2017 21:51:06 [Vixen.Sys.State.Execution.OpeningState] Vixen execution engine entering the open state... 
11/21/2017 21:51:06 [VixenModules.Output.Renard.Module] Starting retry counter for com port access. Retry count is 1 
11/21/2017 21:51:06 [Vixen.Sys.State.Execution.OpenState] Vixen execution engine entered the open state. 
11/21/2017 21:51:06 [Vixen.Sys.VixenSystem] Vixen System successfully started. 
11/21/2017 21:52:33 [Vixen.Sys.VixenSystem] Vixen System starting up... 
11/21/2017 21:52:34 [Vixen.Sys.State.Execution.OpeningState] Vixen execution engine entering the open state... 
11/21/2017 21:52:34 [VixenModules.Output.Renard.Module] Starting retry counter for com port access. Retry count is 1 
11/21/2017 21:52:34 [Vixen.Sys.State.Execution.OpenState] Vixen execution engine entered the open state. 
11/21/2017 21:52:34 [Vixen.Sys.VixenSystem] Vixen System successfully started. 
11/21/2017 21:54:34 [VixenModules.Output.Renard.Module] Attempting to start controller. 
11/21/2017 21:54:34 [VixenModules.Output.Renard.Module] Starting retry counter for com port access. Retry count is 2 
11/21/2017 21:56:34 [VixenModules.Output.Renard.Module] Attempting to start controller. 
11/21/2017 21:56:34 [VixenModules.Output.Renard.Module] Starting retry counter for com port access. Retry count is 3 
11/21/2017 21:58:24 [Vixen.Sys.VixenSystem] Vixen System stopping... 
11/21/2017 21:58:24 [Vixen.Sys.State.Execution.ClosingState] Vixen execution engine entering the closing state... 
11/21/2017 21:58:24 [Vixen.Sys.State.Execution.ClosedState] Vixen execution engine entered the closed state. 
11/21/2017 21:58:24 [Vixen.Sys.VixenSystem] Vixen System successfully stopped. 
11/21/2017 21:58:26 [Vixen.Sys.VixenSystem] Vixen System starting up... 
11/21/2017 21:58:27 [Vixen.Sys.State.Execution.OpeningState] Vixen execution engine entering the open state... 
11/21/2017 21:58:27 [VixenModules.Output.Renard.Module] Starting retry counter for com port access. Retry count is 1 
11/21/2017 21:58:27 [Vixen.Sys.State.Execution.OpenState] Vixen execution engine entered the open state. 
11/21/2017 21:58:27 [Vixen.Sys.VixenSystem] Vixen System successfully started. 
11/21/2017 21:58:33 [Vixen.Sys.State.Execution.ClosingState] Vixen execution engine entering the closing state... 
11/21/2017 21:58:33 [Vixen.Sys.State.Execution.ClosedState] Vixen execution engine entered the closed state. 
11/21/2017 21:58:33 [Vixen.Sys.State.Execution.OpeningState] Vixen execution engine entering the open state... 
11/21/2017 21:58:33 [VixenModules.Output.Renard.Module] Starting retry counter for com port access. Retry count is 1 
11/21/2017 21:58:33 [Vixen.Sys.State.Execution.OpenState] Vixen execution engine entered the open state. 
11/21/2017 22:00:27 [VixenModules.Output.Renard.Module] Attempting to start controller. 
11/21/2017 22:00:27 [VixenModules.Output.Renard.Module] Starting retry counter for com port access. Retry count is 2 
11/21/2017 22:00:33 [VixenModules.Output.Renard.Module] Attempting to start controller. 
11/21/2017 22:00:33 [VixenModules.Output.Renard.Module] Starting retry counter for com port access. Retry count is 2 
11/21/2017 22:02:27 [VixenModules.Output.Renard.Module] Attempting to start controller. 
11/21/2017 22:02:27 [VixenModules.Output.Renard.Module] Starting retry counter for com port access. Retry count is 3 
11/21/2017 22:02:33 [VixenModules.Output.Renard.Module] Attempting to start controller. 
11/21/2017 22:02:33 [VixenModules.Output.Renard.Module] Starting retry counter for com port access. Retry count is 3 
11/21/2017 22:03:38 [Vixen.Sys.VixenSystem] Vixen System stopping... 
11/21/2017 22:03:38 [Vixen.Sys.State.Execution.ClosingState] Vixen execution engine entering the closing state... 
11/21/2017 22:03:38 [Vixen.Sys.State.Execution.ClosedState] Vixen execution engine entered the closed state. 
11/21/2017 22:03:38 [Vixen.Sys.VixenSystem] Vixen System successfully stopped. 
11/21/2017 22:03:41 [Vixen.Sys.VixenSystem] Vixen System starting up... 
11/21/2017 22:03:42 [Vixen.Sys.State.Execution.OpeningState] Vixen execution engine entering the open state... 
11/21/2017 22:03:43 [Vixen.Sys.State.Execution.OpenState] Vixen execution engine entered the open state. 
11/21/2017 22:03:43 [Vixen.Sys.VixenSystem] Vixen System successfully started. 
11/21/2017 22:43:15 [Vixen.Sys.VixenSystem] Vixen System stopping... 
11/21/2017 22:43:15 [Vixen.Sys.State.Execution.ClosingState] Vixen execution engine entering the closing state... 
11/21/2017 22:43:15 [Vixen.Sys.State.Execution.ClosedState] Vixen execution engine entered the closed state. 
11/21/2017 22:43:15 [Vixen.Sys.VixenSystem] Vixen System successfully stopped. 
11/21/2017 22:49:16 [Vixen.Sys.VixenSystem] Vixen System starting up... 
11/21/2017 22:49:17 [Vixen.Sys.State.Execution.OpeningState] Vixen execution engine entering the open state... 
11/21/2017 22:49:17 [VixenModules.Output.Renard.Module] Starting retry counter for com port access. Retry count is 1 
11/21/2017 22:49:17 [Vixen.Sys.State.Execution.OpenState] Vixen execution engine entered the open state. 
11/21/2017 22:49:17 [Vixen.Sys.VixenSystem] Vixen System successfully started. 
11/21/2017 22:49:28 [Vixen.Sys.VixenSystem] Vixen System stopping... 
11/21/2017 22:49:28 [Vixen.Sys.State.Execution.ClosingState] Vixen execution engine entering the closing state... 
11/21/2017 22:49:28 [Vixen.Sys.State.Execution.ClosedState] Vixen execution engine entered the closed state. 
11/21/2017 22:49:28 [Vixen.Sys.VixenSystem] Vixen System successfully stopped. 
11/21/2017 22:49:39 [Vixen.Sys.VixenSystem] Vixen System starting up... 
11/21/2017 22:49:40 [Vixen.Sys.State.Execution.OpeningState] Vixen execution engine entering the open state... 
11/21/2017 22:49:40 [Vixen.Sys.State.Execution.OpenState] Vixen execution engine entered the open state. 
11/21/2017 22:49:40 [Vixen.Sys.VixenSystem] Vixen System successfully started. 
11/21/2017 23:06:14 [Vixen.Sys.VixenSystem] Vixen System stopping... 
11/21/2017 23:06:14 [Vixen.Sys.State.Execution.ClosingState] Vixen execution engine entering the closing state... 
11/21/2017 23:06:14 [Vixen.Sys.State.Execution.ClosedState] Vixen execution engine entered the closed state. 
11/21/2017 23:06:14 [Vixen.Sys.VixenSystem] Vixen System successfully stopped. 
11/21/2017 23:06:57 [Vixen.Sys.VixenSystem] Vixen System starting up... 
11/21/2017 23:06:59 [Vixen.Sys.State.Execution.OpeningState] Vixen execution engine entering the open state... 
11/21/2017 23:06:59 [Vixen.Sys.State.Execution.OpenState] Vixen execution engine entered the open state. 
11/21/2017 23:06:59 [Vixen.Sys.VixenSystem] Vixen System successfully started. 
11/21/2017 23:09:41 [Vixen.Sys.VixenSystem] Vixen System stopping... 
11/21/2017 23:09:41 [Vixen.Sys.State.Execution.ClosingState] Vixen execution engine entering the closing state... 
11/21/2017 23:09:41 [Vixen.Sys.State.Execution.ClosedState] Vixen execution engine entered the closed state. 
11/21/2017 23:09:41 [Vixen.Sys.VixenSystem] Vixen System successfully stopped. 
11/21/2017 23:09:46 [Vixen.Sys.VixenSystem] Vixen System starting up... 
11/21/2017 23:09:47 [Vixen.Sys.State.Execution.OpeningState] Vixen execution engine entering the open state... 
11/21/2017 23:09:47 [Vixen.Sys.State.Execution.OpenState] Vixen execution engine entered the open state. 
11/21/2017 23:09:47 [Vixen.Sys.VixenSystem] Vixen System successfully started. 
11/21/2017 23:51:43 [Vixen.Sys.State.Execution.ClosingState] Vixen execution engine entering the closing state... 
11/21/2017 23:51:43 [Vixen.Sys.State.Execution.ClosedState] Vixen execution engine entered the closed state. 
11/21/2017 23:51:43 [Vixen.Sys.State.Execution.OpeningState] Vixen execution engine entering the open state... 
11/21/2017 23:51:43 [Vixen.Sys.State.Execution.OpenState] Vixen execution engine entered the open state. 
