05/08/2017 20:00:00 [Vixen.Sys.VixenSystem] Vixen System starting up... 
05/08/2017 20:00:02 [Vixen.Sys.State.Execution.OpeningState] Vixen execution engine entering the open state... 
05/08/2017 20:00:02 [Vixen.Sys.State.Execution.OpenState] Vixen execution engine entered the open state. 
05/08/2017 20:00:02 [Vixen.Sys.VixenSystem] Vixen System successfully started. 
05/08/2017 20:03:23 [Vixen.Sys.State.Execution.ClosingState] Vixen execution engine entering the closing state... 
05/08/2017 20:03:23 [Vixen.Sys.State.Execution.ClosedState] Vixen execution engine entered the closed state. 
05/08/2017 20:03:23 [Vixen.Sys.State.Execution.OpeningState] Vixen execution engine entering the open state... 
05/08/2017 20:03:24 [Vixen.Sys.State.Execution.OpenState] Vixen execution engine entered the open state. 
05/08/2017 20:05:21 [Vixen.Sys.State.Execution.ClosingState] Vixen execution engine entering the closing state... 
05/08/2017 20:05:21 [Vixen.Sys.State.Execution.ClosedState] Vixen execution engine entered the closed state. 
05/08/2017 20:05:21 [Vixen.Sys.State.Execution.OpeningState] Vixen execution engine entering the open state... 
05/08/2017 20:05:21 [Vixen.Sys.State.Execution.OpenState] Vixen execution engine entered the open state. 
05/08/2017 20:12:59 [Vixen.Sys.VixenSystem] Vixen System stopping... 
05/08/2017 20:12:59 [Vixen.Sys.State.Execution.ClosingState] Vixen execution engine entering the closing state... 
05/08/2017 20:12:59 [Vixen.Sys.State.Execution.ClosedState] Vixen execution engine entered the closed state. 
05/08/2017 20:12:59 [Vixen.Sys.VixenSystem] Vixen System successfully stopped. 
05/08/2017 20:14:52 [Vixen.Sys.VixenSystem] Vixen System starting up... 
05/08/2017 20:14:54 [Vixen.Sys.State.Execution.OpeningState] Vixen execution engine entering the open state... 
05/08/2017 20:14:54 [Vixen.Sys.State.Execution.OpenState] Vixen execution engine entered the open state. 
05/08/2017 20:14:54 [Vixen.Sys.VixenSystem] Vixen System successfully started. 
05/08/2017 20:16:09 [Vixen.Sys.State.Execution.ClosingState] Vixen execution engine entering the closing state... 
05/08/2017 20:16:09 [Vixen.Sys.State.Execution.ClosedState] Vixen execution engine entered the closed state. 
05/08/2017 20:16:09 [Vixen.Sys.State.Execution.OpeningState] Vixen execution engine entering the open state... 
05/08/2017 20:16:09 [Vixen.Sys.State.Execution.OpenState] Vixen execution engine entered the open state. 
05/08/2017 20:24:21 [Vixen.Sys.State.Execution.ClosingState] Vixen execution engine entering the closing state... 
05/08/2017 20:24:21 [Vixen.Sys.State.Execution.ClosedState] Vixen execution engine entered the closed state. 
05/08/2017 20:24:21 [Vixen.Sys.State.Execution.OpeningState] Vixen execution engine entering the open state... 
05/08/2017 20:24:21 [Vixen.Sys.State.Execution.OpenState] Vixen execution engine entered the open state. 
05/08/2017 20:24:23 [Vixen.Sys.VixenSystem] Vixen System stopping... 
05/08/2017 20:24:23 [Vixen.Sys.State.Execution.ClosingState] Vixen execution engine entering the closing state... 
05/08/2017 20:24:23 [Vixen.Sys.State.Execution.ClosedState] Vixen execution engine entered the closed state. 
05/08/2017 20:24:23 [Vixen.Sys.VixenSystem] Vixen System successfully stopped. 
05/08/2017 20:24:28 [Vixen.Sys.VixenSystem] Vixen System starting up... 
05/08/2017 20:24:29 [Vixen.Sys.State.Execution.OpeningState] Vixen execution engine entering the open state... 
05/08/2017 20:24:29 [Vixen.Sys.State.Execution.OpenState] Vixen execution engine entered the open state. 
05/08/2017 20:24:29 [Vixen.Sys.VixenSystem] Vixen System successfully started. 
05/08/2017 20:35:58 [Vixen.Sys.VixenSystem] Vixen System stopping... 
05/08/2017 20:35:58 [Vixen.Sys.State.Execution.ClosingState] Vixen execution engine entering the closing state... 
05/08/2017 20:35:58 [Vixen.Sys.State.Execution.ClosedState] Vixen execution engine entered the closed state. 
05/08/2017 20:35:58 [Vixen.Sys.VixenSystem] Vixen System successfully stopped. 
05/08/2017 20:36:01 [Vixen.Sys.VixenSystem] Vixen System starting up... 
05/08/2017 20:36:02 [Vixen.Sys.State.Execution.OpeningState] Vixen execution engine entering the open state... 
05/08/2017 20:36:02 [Vixen.Sys.State.Execution.OpenState] Vixen execution engine entered the open state. 
05/08/2017 20:36:02 [Vixen.Sys.VixenSystem] Vixen System successfully started. 
05/08/2017 20:40:45 [Vixen.Sys.VixenSystem] Vixen System stopping... 
05/08/2017 20:40:45 [Vixen.Sys.State.Execution.ClosingState] Vixen execution engine entering the closing state... 
05/08/2017 20:40:45 [Vixen.Sys.State.Execution.ClosedState] Vixen execution engine entered the closed state. 
05/08/2017 20:40:45 [Vixen.Sys.VixenSystem] Vixen System successfully stopped. 
05/08/2017 20:41:03 [Vixen.Sys.VixenSystem] Vixen System starting up... 
05/08/2017 20:41:05 [Vixen.Sys.State.Execution.OpeningState] Vixen execution engine entering the open state... 
05/08/2017 20:41:05 [Vixen.Sys.State.Execution.OpenState] Vixen execution engine entered the open state. 
05/08/2017 20:41:05 [Vixen.Sys.VixenSystem] Vixen System successfully started. 
05/08/2017 20:42:00 [Vixen.Sys.VixenSystem] Vixen System stopping... 
05/08/2017 20:42:00 [Vixen.Sys.State.Execution.ClosingState] Vixen execution engine entering the closing state... 
05/08/2017 20:42:00 [Vixen.Sys.State.Execution.ClosedState] Vixen execution engine entered the closed state. 
05/08/2017 20:42:00 [Vixen.Sys.VixenSystem] Vixen System successfully stopped. 
05/08/2017 20:43:50 [Vixen.Sys.VixenSystem] Vixen System starting up... 
05/08/2017 20:43:51 [Vixen.Sys.State.Execution.OpeningState] Vixen execution engine entering the open state... 
05/08/2017 20:43:52 [Vixen.Sys.State.Execution.OpenState] Vixen execution engine entered the open state. 
05/08/2017 20:43:52 [Vixen.Sys.VixenSystem] Vixen System successfully started. 
05/08/2017 20:47:16 [Vixen.Sys.VixenSystem] Vixen System starting up... 
05/08/2017 20:47:17 [Vixen.Sys.State.Execution.OpeningState] Vixen execution engine entering the open state... 
05/08/2017 20:47:17 [Vixen.Sys.State.Execution.OpenState] Vixen execution engine entered the open state. 
05/08/2017 20:47:17 [Vixen.Sys.VixenSystem] Vixen System successfully started. 
05/08/2017 20:48:22 [Vixen.Sys.VixenSystem] Vixen System stopping... 
05/08/2017 20:48:22 [Vixen.Sys.State.Execution.ClosingState] Vixen execution engine entering the closing state... 
05/08/2017 20:48:22 [Vixen.Sys.State.Execution.ClosedState] Vixen execution engine entered the closed state. 
05/08/2017 20:48:23 [Vixen.Sys.VixenSystem] Vixen System successfully stopped. 
05/08/2017 20:48:25 [Vixen.Sys.VixenSystem] Vixen System starting up... 
05/08/2017 20:48:26 [Vixen.Sys.State.Execution.OpeningState] Vixen execution engine entering the open state... 
05/08/2017 20:48:27 [Vixen.Sys.State.Execution.OpenState] Vixen execution engine entered the open state. 
05/08/2017 20:48:27 [Vixen.Sys.VixenSystem] Vixen System successfully started. 
05/08/2017 20:50:25 [Vixen.Sys.VixenSystem] Vixen System stopping... 
05/08/2017 20:50:25 [Vixen.Sys.State.Execution.ClosingState] Vixen execution engine entering the closing state... 
05/08/2017 20:50:26 [Vixen.Sys.State.Execution.ClosedState] Vixen execution engine entered the closed state. 
05/08/2017 20:50:26 [Vixen.Sys.VixenSystem] Vixen System successfully stopped. 
05/08/2017 20:50:28 [Vixen.Sys.VixenSystem] Vixen System starting up... 
05/08/2017 20:50:29 [Vixen.Sys.State.Execution.OpeningState] Vixen execution engine entering the open state... 
05/08/2017 20:50:29 [Vixen.Sys.State.Execution.OpenState] Vixen execution engine entered the open state. 
05/08/2017 20:50:29 [Vixen.Sys.VixenSystem] Vixen System successfully started. 
05/08/2017 21:08:52 [Vixen.Sys.VixenSystem] Vixen System stopping... 
05/08/2017 21:08:52 [Vixen.Sys.State.Execution.ClosingState] Vixen execution engine entering the closing state... 
05/08/2017 21:08:52 [Vixen.Sys.State.Execution.ClosedState] Vixen execution engine entered the closed state. 
05/08/2017 21:08:52 [Vixen.Sys.VixenSystem] Vixen System successfully stopped. 
