02/16/2017 17:26:20 [Vixen.Sys.VixenSystem] Vixen System starting up... 
02/16/2017 17:26:22 [Vixen.Sys.State.Execution.OpeningState] Vixen execution engine entering the open state... 
02/16/2017 17:26:22 [Vixen.Sys.State.Execution.OpenState] Vixen execution engine entered the open state. 
02/16/2017 17:26:22 [Vixen.Sys.VixenSystem] Vixen System successfully started. 
02/16/2017 19:48:07 [Vixen.Sys.State.Execution.ClosingState] Vixen execution engine entering the closing state... 
02/16/2017 19:48:08 [Vixen.Sys.State.Execution.ClosedState] Vixen execution engine entered the closed state. 
02/16/2017 19:48:08 [Vixen.Sys.State.Execution.OpeningState] Vixen execution engine entering the open state... 
02/16/2017 19:48:08 [Vixen.Sys.State.Execution.OpenState] Vixen execution engine entered the open state. 
02/16/2017 19:48:08 [Vixen.Sys.VixenSystem] Vixen System stopping... 
02/16/2017 19:48:08 [Vixen.Sys.State.Execution.ClosingState] Vixen execution engine entering the closing state... 
02/16/2017 19:48:08 [Vixen.Sys.State.Execution.ClosedState] Vixen execution engine entered the closed state. 
02/16/2017 19:48:08 [Vixen.Sys.VixenSystem] Vixen System successfully stopped. 
02/16/2017 19:55:10 [Vixen.Sys.VixenSystem] Vixen System starting up... 
02/16/2017 19:55:12 [Vixen.Sys.State.Execution.OpeningState] Vixen execution engine entering the open state... 
02/16/2017 19:55:12 [Vixen.Sys.State.Execution.OpenState] Vixen execution engine entered the open state. 
02/16/2017 19:55:12 [Vixen.Sys.VixenSystem] Vixen System successfully started. 
02/16/2017 19:55:22 [Vixen.Sys.State.Execution.ClosingState] Vixen execution engine entering the closing state... 
02/16/2017 19:55:22 [Vixen.Sys.State.Execution.ClosedState] Vixen execution engine entered the closed state. 
02/16/2017 19:55:22 [Vixen.Sys.State.Execution.OpeningState] Vixen execution engine entering the open state... 
02/16/2017 19:55:22 [Vixen.Sys.State.Execution.OpenState] Vixen execution engine entered the open state. 
02/16/2017 20:01:54 [Vixen.Sys.VixenSystem] Vixen System stopping... 
02/16/2017 20:01:54 [Vixen.Sys.State.Execution.ClosingState] Vixen execution engine entering the closing state... 
02/16/2017 20:01:54 [Vixen.Sys.State.Execution.ClosedState] Vixen execution engine entered the closed state. 
02/16/2017 20:01:54 [Vixen.Sys.VixenSystem] Vixen System successfully stopped. 
02/16/2017 20:01:57 [Vixen.Sys.VixenSystem] Vixen System starting up... 
02/16/2017 20:01:58 [Vixen.Sys.State.Execution.OpeningState] Vixen execution engine entering the open state... 
02/16/2017 20:01:58 [Vixen.Sys.State.Execution.OpenState] Vixen execution engine entered the open state. 
02/16/2017 20:01:58 [Vixen.Sys.VixenSystem] Vixen System successfully started. 
02/16/2017 20:02:03 [Vixen.Sys.State.Execution.ClosingState] Vixen execution engine entering the closing state... 
02/16/2017 20:02:03 [Vixen.Sys.State.Execution.ClosedState] Vixen execution engine entered the closed state. 
02/16/2017 20:02:03 [Vixen.Sys.State.Execution.OpeningState] Vixen execution engine entering the open state... 
02/16/2017 20:02:03 [Vixen.Sys.State.Execution.OpenState] Vixen execution engine entered the open state. 
02/16/2017 20:02:04 [Vixen.Sys.VixenSystem] Vixen System stopping... 
02/16/2017 20:02:04 [Vixen.Sys.State.Execution.ClosingState] Vixen execution engine entering the closing state... 
02/16/2017 20:02:04 [Vixen.Sys.State.Execution.ClosedState] Vixen execution engine entered the closed state. 
02/16/2017 20:02:04 [Vixen.Sys.VixenSystem] Vixen System successfully stopped. 
02/16/2017 21:54:28 [Vixen.Sys.VixenSystem] Vixen System starting up... 
02/16/2017 21:54:30 [Vixen.Sys.State.Execution.OpeningState] Vixen execution engine entering the open state... 
02/16/2017 21:54:30 [Vixen.Sys.State.Execution.OpenState] Vixen execution engine entered the open state. 
02/16/2017 21:54:30 [Vixen.Sys.VixenSystem] Vixen System successfully started. 
02/16/2017 21:56:27 [Vixen.Sys.State.Execution.ClosingState] Vixen execution engine entering the closing state... 
02/16/2017 21:56:27 [Vixen.Sys.State.Execution.ClosedState] Vixen execution engine entered the closed state. 
02/16/2017 21:56:27 [Vixen.Sys.State.Execution.OpeningState] Vixen execution engine entering the open state... 
02/16/2017 21:56:27 [Vixen.Sys.State.Execution.OpenState] Vixen execution engine entered the open state. 
02/16/2017 21:57:18 [Vixen.Sys.State.Execution.ClosingState] Vixen execution engine entering the closing state... 
02/16/2017 21:57:18 [Vixen.Sys.State.Execution.ClosedState] Vixen execution engine entered the closed state. 
02/16/2017 21:57:18 [Vixen.Sys.State.Execution.OpeningState] Vixen execution engine entering the open state... 
02/16/2017 21:57:18 [Vixen.Sys.State.Execution.OpenState] Vixen execution engine entered the open state. 
02/16/2017 21:57:20 [Vixen.Sys.VixenSystem] Vixen System stopping... 
02/16/2017 21:57:20 [Vixen.Sys.State.Execution.ClosingState] Vixen execution engine entering the closing state... 
02/16/2017 21:57:20 [Vixen.Sys.State.Execution.ClosedState] Vixen execution engine entered the closed state. 
02/16/2017 21:57:20 [Vixen.Sys.VixenSystem] Vixen System successfully stopped. 
