11/23/2017 10:42:29 [Vixen.Sys.VixenSystem] Vixen System starting up... 
11/23/2017 10:42:30 [Vixen.Sys.State.Execution.OpeningState] Vixen execution engine entering the open state... 
11/23/2017 10:42:31 [Vixen.Sys.State.Execution.OpenState] Vixen execution engine entered the open state. 
11/23/2017 10:42:31 [Vixen.Sys.VixenSystem] Vixen System successfully started. 
11/23/2017 11:55:17 [Vixen.Sys.VixenSystem] Vixen System stopping... 
11/23/2017 11:55:17 [Vixen.Sys.State.Execution.ClosingState] Vixen execution engine entering the closing state... 
11/23/2017 11:55:17 [Vixen.Sys.State.Execution.ClosedState] Vixen execution engine entered the closed state. 
11/23/2017 11:55:17 [Vixen.Sys.VixenSystem] Vixen System successfully stopped. 
11/23/2017 11:56:11 [Vixen.Sys.VixenSystem] Vixen System starting up... 
11/23/2017 11:56:12 [Vixen.Sys.State.Execution.OpeningState] Vixen execution engine entering the open state... 
11/23/2017 11:56:12 [VixenModules.Output.Renard.Module] Starting retry counter for com port access. Retry count is 1 
11/23/2017 11:56:12 [Vixen.Sys.State.Execution.OpenState] Vixen execution engine entered the open state. 
11/23/2017 11:56:12 [Vixen.Sys.VixenSystem] Vixen System successfully started. 
11/23/2017 11:56:22 [Vixen.Sys.VixenSystem] Vixen System stopping... 
11/23/2017 11:56:22 [Vixen.Sys.State.Execution.ClosingState] Vixen execution engine entering the closing state... 
11/23/2017 11:56:22 [Vixen.Sys.State.Execution.ClosedState] Vixen execution engine entered the closed state. 
11/23/2017 11:56:22 [Vixen.Sys.VixenSystem] Vixen System successfully stopped. 
11/23/2017 12:25:17 [Vixen.Sys.VixenSystem] Vixen System starting up... 
11/23/2017 12:25:18 [Vixen.Sys.State.Execution.OpeningState] Vixen execution engine entering the open state... 
11/23/2017 12:25:18 [VixenModules.Output.Renard.Module] Starting retry counter for com port access. Retry count is 1 
11/23/2017 12:25:18 [Vixen.Sys.State.Execution.OpenState] Vixen execution engine entered the open state. 
11/23/2017 12:25:18 [Vixen.Sys.VixenSystem] Vixen System successfully started. 
11/23/2017 12:27:18 [VixenModules.Output.Renard.Module] Attempting to start controller. 
11/23/2017 12:27:18 [VixenModules.Output.Renard.Module] Starting retry counter for com port access. Retry count is 2 
11/23/2017 12:29:18 [VixenModules.Output.Renard.Module] Attempting to start controller. 
11/23/2017 12:29:18 [VixenModules.Output.Renard.Module] Starting retry counter for com port access. Retry count is 3 
11/23/2017 12:31:18 [VixenModules.Output.Renard.Module] Attempting to start controller. 
11/23/2017 12:31:18 [VixenModules.Output.Renard.Module] Retry counter for com port access has exceeded max tries.  Controller has been stopped. 
11/23/2017 20:29:28 [Vixen.Sys.VixenSystem] Vixen System starting up... 
11/23/2017 20:29:29 [Vixen.Sys.State.Execution.OpeningState] Vixen execution engine entering the open state... 
11/23/2017 20:29:29 [VixenModules.Output.Renard.Module] Starting retry counter for com port access. Retry count is 1 
11/23/2017 20:29:29 [Vixen.Sys.State.Execution.OpenState] Vixen execution engine entered the open state. 
11/23/2017 20:29:29 [Vixen.Sys.VixenSystem] Vixen System successfully started. 
11/23/2017 20:31:29 [VixenModules.Output.Renard.Module] Attempting to start controller. 
11/23/2017 20:31:29 [VixenModules.Output.Renard.Module] Starting retry counter for com port access. Retry count is 2 
11/23/2017 20:33:29 [VixenModules.Output.Renard.Module] Attempting to start controller. 
11/23/2017 20:33:29 [VixenModules.Output.Renard.Module] Starting retry counter for com port access. Retry count is 3 
11/23/2017 20:35:29 [VixenModules.Output.Renard.Module] Attempting to start controller. 
11/23/2017 20:35:29 [VixenModules.Output.Renard.Module] Retry counter for com port access has exceeded max tries.  Controller has been stopped. 
