11/22/2017 00:08:41 [Vixen.Sys.VixenSystem] Vixen System stopping... 
11/22/2017 00:08:41 [Vixen.Sys.State.Execution.ClosingState] Vixen execution engine entering the closing state... 
11/22/2017 00:08:41 [Vixen.Sys.State.Execution.ClosedState] Vixen execution engine entered the closed state. 
11/22/2017 00:08:41 [Vixen.Sys.VixenSystem] Vixen System successfully stopped. 
11/22/2017 08:43:29 [Vixen.Sys.VixenSystem] Vixen System starting up... 
11/22/2017 08:43:30 [Vixen.Sys.State.Execution.OpeningState] Vixen execution engine entering the open state... 
11/22/2017 08:43:30 [Vixen.Sys.State.Execution.OpenState] Vixen execution engine entered the open state. 
11/22/2017 08:43:30 [Vixen.Sys.VixenSystem] Vixen System successfully started. 
11/22/2017 12:40:27 [Vixen.Sys.VixenSystem] Vixen System starting up... 
11/22/2017 12:40:28 [Vixen.Sys.State.Execution.OpeningState] Vixen execution engine entering the open state... 
11/22/2017 12:40:28 [VixenModules.Output.Renard.Module] Starting retry counter for com port access. Retry count is 1 
11/22/2017 12:40:28 [Vixen.Sys.State.Execution.OpenState] Vixen execution engine entered the open state. 
11/22/2017 12:40:28 [Vixen.Sys.VixenSystem] Vixen System successfully started. 
11/22/2017 12:42:28 [VixenModules.Output.Renard.Module] Attempting to start controller. 
11/22/2017 12:42:28 [VixenModules.Output.Renard.Module] Starting retry counter for com port access. Retry count is 2 
11/22/2017 12:44:28 [VixenModules.Output.Renard.Module] Attempting to start controller. 
11/22/2017 12:44:28 [VixenModules.Output.Renard.Module] Starting retry counter for com port access. Retry count is 3 
11/22/2017 12:46:28 [VixenModules.Output.Renard.Module] Attempting to start controller. 
11/22/2017 12:46:28 [VixenModules.Output.Renard.Module] Retry counter for com port access has exceeded max tries.  Controller has been stopped. 
11/22/2017 13:42:35 [Vixen.Sys.VixenSystem] Vixen System stopping... 
11/22/2017 13:42:35 [Vixen.Sys.State.Execution.ClosingState] Vixen execution engine entering the closing state... 
11/22/2017 13:42:35 [Vixen.Sys.State.Execution.ClosedState] Vixen execution engine entered the closed state. 
11/22/2017 13:42:35 [Vixen.Sys.VixenSystem] Vixen System successfully stopped. 
11/22/2017 13:42:37 [Vixen.Sys.VixenSystem] Vixen System starting up... 
11/22/2017 13:42:38 [Vixen.Sys.State.Execution.OpeningState] Vixen execution engine entering the open state... 
11/22/2017 13:42:39 [Vixen.Sys.State.Execution.OpenState] Vixen execution engine entered the open state. 
11/22/2017 13:42:39 [Vixen.Sys.VixenSystem] Vixen System successfully started. 
11/22/2017 13:46:51 [Vixen.Sys.VixenSystem] Vixen System stopping... 
11/22/2017 13:46:51 [Vixen.Sys.State.Execution.ClosingState] Vixen execution engine entering the closing state... 
11/22/2017 13:46:51 [Vixen.Sys.State.Execution.ClosedState] Vixen execution engine entered the closed state. 
11/22/2017 13:46:51 [Vixen.Sys.VixenSystem] Vixen System successfully stopped. 
11/22/2017 13:46:53 [Vixen.Sys.VixenSystem] Vixen System starting up... 
11/22/2017 13:46:54 [Vixen.Sys.State.Execution.OpeningState] Vixen execution engine entering the open state... 
11/22/2017 13:46:54 [Vixen.Sys.State.Execution.OpenState] Vixen execution engine entered the open state. 
11/22/2017 13:46:54 [Vixen.Sys.VixenSystem] Vixen System successfully started. 
11/22/2017 15:35:56 [Vixen.Sys.VixenSystem] Vixen System starting up... 
11/22/2017 15:35:57 [Vixen.Sys.State.Execution.OpeningState] Vixen execution engine entering the open state... 
11/22/2017 15:35:57 [VixenModules.Output.Renard.Module] Starting retry counter for com port access. Retry count is 1 
11/22/2017 15:35:57 [Vixen.Sys.State.Execution.OpenState] Vixen execution engine entered the open state. 
11/22/2017 15:35:57 [Vixen.Sys.VixenSystem] Vixen System successfully started. 
11/22/2017 15:37:57 [VixenModules.Output.Renard.Module] Attempting to start controller. 
11/22/2017 15:37:57 [VixenModules.Output.Renard.Module] Starting retry counter for com port access. Retry count is 2 
11/22/2017 15:39:57 [VixenModules.Output.Renard.Module] Attempting to start controller. 
11/22/2017 15:39:57 [VixenModules.Output.Renard.Module] Starting retry counter for com port access. Retry count is 3 
11/22/2017 15:41:57 [VixenModules.Output.Renard.Module] Attempting to start controller. 
11/22/2017 15:41:57 [VixenModules.Output.Renard.Module] Retry counter for com port access has exceeded max tries.  Controller has been stopped. 
11/22/2017 16:27:41 [Vixen.Sys.VixenSystem] Vixen System stopping... 
11/22/2017 16:27:41 [Vixen.Sys.State.Execution.ClosingState] Vixen execution engine entering the closing state... 
11/22/2017 16:27:41 [Vixen.Sys.State.Execution.ClosedState] Vixen execution engine entered the closed state. 
11/22/2017 16:27:41 [Vixen.Sys.VixenSystem] Vixen System successfully stopped. 
11/22/2017 16:27:43 [Vixen.Sys.VixenSystem] Vixen System starting up... 
11/22/2017 16:27:44 [Vixen.Sys.State.Execution.OpeningState] Vixen execution engine entering the open state... 
11/22/2017 16:27:45 [Vixen.Sys.State.Execution.OpenState] Vixen execution engine entered the open state. 
11/22/2017 16:27:45 [Vixen.Sys.VixenSystem] Vixen System successfully started. 
11/22/2017 16:42:22 [Vixen.Sys.VixenSystem] Vixen System stopping... 
11/22/2017 16:42:22 [Vixen.Sys.State.Execution.ClosingState] Vixen execution engine entering the closing state... 
11/22/2017 16:42:22 [Vixen.Sys.State.Execution.ClosedState] Vixen execution engine entered the closed state. 
11/22/2017 16:42:22 [Vixen.Sys.VixenSystem] Vixen System successfully stopped. 
11/22/2017 16:42:25 [Vixen.Sys.VixenSystem] Vixen System starting up... 
11/22/2017 16:42:26 [Vixen.Sys.State.Execution.OpeningState] Vixen execution engine entering the open state... 
11/22/2017 16:42:26 [Vixen.Sys.State.Execution.OpenState] Vixen execution engine entered the open state. 
11/22/2017 16:42:26 [Vixen.Sys.VixenSystem] Vixen System successfully started. 
11/22/2017 18:17:29 [Vixen.Sys.VixenSystem] Vixen System stopping... 
11/22/2017 18:17:29 [Vixen.Sys.State.Execution.ClosingState] Vixen execution engine entering the closing state... 
11/22/2017 18:17:29 [Vixen.Sys.State.Execution.ClosedState] Vixen execution engine entered the closed state. 
11/22/2017 18:17:29 [Vixen.Sys.VixenSystem] Vixen System successfully stopped. 
11/22/2017 18:17:32 [Vixen.Sys.VixenSystem] Vixen System starting up... 
11/22/2017 18:17:33 [Vixen.Sys.State.Execution.OpeningState] Vixen execution engine entering the open state... 
11/22/2017 18:17:34 [Vixen.Sys.State.Execution.OpenState] Vixen execution engine entered the open state. 
11/22/2017 18:17:34 [Vixen.Sys.VixenSystem] Vixen System successfully started. 
11/22/2017 19:40:24 [Vixen.Sys.VixenSystem] Vixen System stopping... 
11/22/2017 19:40:24 [Vixen.Sys.State.Execution.ClosingState] Vixen execution engine entering the closing state... 
11/22/2017 19:40:24 [Vixen.Sys.State.Execution.ClosedState] Vixen execution engine entered the closed state. 
11/22/2017 19:40:25 [Vixen.Sys.VixenSystem] Vixen System successfully stopped. 
11/22/2017 19:40:30 [Vixen.Sys.VixenSystem] Vixen System starting up... 
11/22/2017 19:40:31 [Vixen.Sys.State.Execution.OpeningState] Vixen execution engine entering the open state... 
11/22/2017 19:40:31 [VixenModules.Output.Renard.Module] Starting retry counter for com port access. Retry count is 1 
11/22/2017 19:40:31 [Vixen.Sys.State.Execution.OpenState] Vixen execution engine entered the open state. 
11/22/2017 19:40:31 [Vixen.Sys.VixenSystem] Vixen System successfully started. 
11/22/2017 19:42:31 [VixenModules.Output.Renard.Module] Attempting to start controller. 
11/22/2017 19:42:31 [VixenModules.Output.Renard.Module] Starting retry counter for com port access. Retry count is 2 
11/22/2017 19:44:31 [VixenModules.Output.Renard.Module] Attempting to start controller. 
11/22/2017 19:44:31 [VixenModules.Output.Renard.Module] Starting retry counter for com port access. Retry count is 3 
11/22/2017 19:46:31 [VixenModules.Output.Renard.Module] Attempting to start controller. 
11/22/2017 19:46:31 [VixenModules.Output.Renard.Module] Retry counter for com port access has exceeded max tries.  Controller has been stopped. 
11/22/2017 21:38:25 [Vixen.Sys.VixenSystem] Vixen System stopping... 
11/22/2017 21:38:25 [Vixen.Sys.State.Execution.ClosingState] Vixen execution engine entering the closing state... 
11/22/2017 21:38:25 [Vixen.Sys.State.Execution.ClosedState] Vixen execution engine entered the closed state. 
11/22/2017 21:38:25 [Vixen.Sys.VixenSystem] Vixen System successfully stopped. 
11/22/2017 21:38:28 [Vixen.Sys.VixenSystem] Vixen System starting up... 
11/22/2017 21:38:29 [Vixen.Sys.State.Execution.OpeningState] Vixen execution engine entering the open state... 
11/22/2017 21:38:29 [Vixen.Sys.State.Execution.OpenState] Vixen execution engine entered the open state. 
11/22/2017 21:38:29 [Vixen.Sys.VixenSystem] Vixen System successfully started. 
11/22/2017 23:37:23 [Vixen.Sys.VixenSystem] Vixen System stopping... 
11/22/2017 23:37:23 [Vixen.Sys.State.Execution.ClosingState] Vixen execution engine entering the closing state... 
11/22/2017 23:37:23 [Vixen.Sys.State.Execution.ClosedState] Vixen execution engine entered the closed state. 
11/22/2017 23:37:23 [Vixen.Sys.VixenSystem] Vixen System successfully stopped. 
