11/26/2017 13:07:38 [VixenModules.Output.Renard.Module] COM3 is in use.  Starting controller retry timer for f66130a6-ff8a-48a7-bf1e-fac6cec2fc2c 
11/26/2017 13:09:38 [VixenModules.Output.Renard.Module] COM3 is in use.  Starting controller retry timer for f66130a6-ff8a-48a7-bf1e-fac6cec2fc2c 
11/26/2017 13:11:38 [VixenModules.Output.Renard.Module] COM3 is in use.  Starting controller retry timer for f66130a6-ff8a-48a7-bf1e-fac6cec2fc2c 
11/26/2017 13:13:38 [VixenModules.Output.Renard.Module] COM3 is in use.  Starting controller retry timer for f66130a6-ff8a-48a7-bf1e-fac6cec2fc2c 
11/26/2017 15:55:44 [VixenModules.Output.Renard.Module] COM3 is in use.  Starting controller retry timer for f66130a6-ff8a-48a7-bf1e-fac6cec2fc2c 
11/26/2017 15:57:44 [VixenModules.Output.Renard.Module] COM3 is in use.  Starting controller retry timer for f66130a6-ff8a-48a7-bf1e-fac6cec2fc2c 
11/26/2017 15:59:44 [VixenModules.Output.Renard.Module] COM3 is in use.  Starting controller retry timer for f66130a6-ff8a-48a7-bf1e-fac6cec2fc2c 
11/26/2017 16:01:44 [VixenModules.Output.Renard.Module] COM3 is in use.  Starting controller retry timer for f66130a6-ff8a-48a7-bf1e-fac6cec2fc2c 
11/26/2017 16:45:52 [VixenModules.Output.Renard.Module] COM3 is in use.  Starting controller retry timer for f66130a6-ff8a-48a7-bf1e-fac6cec2fc2c 
11/26/2017 16:47:39 [VixenModules.Output.Renard.Module] COM3 is in use.  Starting controller retry timer for f66130a6-ff8a-48a7-bf1e-fac6cec2fc2c 
11/26/2017 16:49:39 [VixenModules.Output.Renard.Module] COM3 is in use.  Starting controller retry timer for f66130a6-ff8a-48a7-bf1e-fac6cec2fc2c 
11/26/2017 16:51:39 [VixenModules.Output.Renard.Module] COM3 is in use.  Starting controller retry timer for f66130a6-ff8a-48a7-bf1e-fac6cec2fc2c 
11/26/2017 16:53:39 [VixenModules.Output.Renard.Module] COM3 is in use.  Starting controller retry timer for f66130a6-ff8a-48a7-bf1e-fac6cec2fc2c 
11/26/2017 21:10:39 [VixenModules.Output.Renard.Module] COM3 is in use.  Starting controller retry timer for f66130a6-ff8a-48a7-bf1e-fac6cec2fc2c 
11/26/2017 21:12:39 [VixenModules.Output.Renard.Module] COM3 is in use.  Starting controller retry timer for f66130a6-ff8a-48a7-bf1e-fac6cec2fc2c 
11/26/2017 21:14:39 [VixenModules.Output.Renard.Module] COM3 is in use.  Starting controller retry timer for f66130a6-ff8a-48a7-bf1e-fac6cec2fc2c 
11/26/2017 21:16:39 [VixenModules.Output.Renard.Module] COM3 is in use.  Starting controller retry timer for f66130a6-ff8a-48a7-bf1e-fac6cec2fc2c 
11/26/2017 21:23:09 [VixenModules.Output.Renard.Module] COM3 is in use.  Starting controller retry timer for f66130a6-ff8a-48a7-bf1e-fac6cec2fc2c 
11/26/2017 21:25:09 [VixenModules.Output.Renard.Module] COM3 is in use.  Starting controller retry timer for f66130a6-ff8a-48a7-bf1e-fac6cec2fc2c 
11/26/2017 21:27:09 [VixenModules.Output.Renard.Module] COM3 is in use.  Starting controller retry timer for f66130a6-ff8a-48a7-bf1e-fac6cec2fc2c 
11/26/2017 21:29:09 [VixenModules.Output.Renard.Module] COM3 is in use.  Starting controller retry timer for f66130a6-ff8a-48a7-bf1e-fac6cec2fc2c 
11/26/2017 21:42:21 [VixenModules.Output.Renard.Module] COM3 is in use.  Starting controller retry timer for f66130a6-ff8a-48a7-bf1e-fac6cec2fc2c 
11/26/2017 21:44:21 [VixenModules.Output.Renard.Module] COM3 is in use.  Starting controller retry timer for f66130a6-ff8a-48a7-bf1e-fac6cec2fc2c 
11/26/2017 21:46:21 [VixenModules.Output.Renard.Module] COM3 is in use.  Starting controller retry timer for f66130a6-ff8a-48a7-bf1e-fac6cec2fc2c 
11/26/2017 21:48:21 [VixenModules.Output.Renard.Module] COM3 is in use.  Starting controller retry timer for f66130a6-ff8a-48a7-bf1e-fac6cec2fc2c 
11/26/2017 22:50:04 [VixenModules.Output.Renard.Module] COM3 is in use.  Starting controller retry timer for f66130a6-ff8a-48a7-bf1e-fac6cec2fc2c 
11/26/2017 22:52:04 [VixenModules.Output.Renard.Module] COM3 is in use.  Starting controller retry timer for f66130a6-ff8a-48a7-bf1e-fac6cec2fc2c 
11/26/2017 22:54:04 [VixenModules.Output.Renard.Module] COM3 is in use.  Starting controller retry timer for f66130a6-ff8a-48a7-bf1e-fac6cec2fc2c 
11/26/2017 22:56:04 [VixenModules.Output.Renard.Module] COM3 is in use.  Starting controller retry timer for f66130a6-ff8a-48a7-bf1e-fac6cec2fc2c 
11/26/2017 23:03:23 [VixenModules.Output.Renard.Module] COM3 is in use.  Starting controller retry timer for f66130a6-ff8a-48a7-bf1e-fac6cec2fc2c 
11/26/2017 23:05:23 [VixenModules.Output.Renard.Module] COM3 is in use.  Starting controller retry timer for f66130a6-ff8a-48a7-bf1e-fac6cec2fc2c 
11/26/2017 23:06:18 [VixenModules.Media.Audio.Audio] Media file does not exist: C:\Users\jose\Documents\Vixen 3 2017\Media\01 - Jingle Bells (Album Version).mp3 
11/26/2017 23:21:18 [Vixen.IO.Xml.XElementFileReader] Error loading 'C:\Users\jose\Documents\ChristmasStuff\Vixen\2017\Christmas\SystemData\SystemConfig.xml'. System.Xml.XmlException: Data at the root level is invalid. Line 3, position 1.
   at System.Xml.XmlTextReaderImpl.Throw(Exception e)
   at System.Xml.XmlTextReaderImpl.Throw(String res, String arg)
   at System.Xml.XmlTextReaderImpl.ParseRootLevelWhitespace()
   at System.Xml.XmlTextReaderImpl.ParseDocumentContent()
   at System.Xml.XmlTextReaderImpl.Read()
   at System.Xml.XmlReader.MoveToContent()
   at System.Xml.Linq.XElement.Load(XmlReader reader, LoadOptions options)
   at System.Xml.Linq.XElement.Load(TextReader textReader, LoadOptions options)
   at Vixen.IO.Xml.XElementFileReader.ReadFile(String filePath)    at System.Xml.XmlTextReaderImpl.Throw(Exception e)
   at System.Xml.XmlTextReaderImpl.Throw(String res, String arg)
   at System.Xml.XmlTextReaderImpl.ParseRootLevelWhitespace()
   at System.Xml.XmlTextReaderImpl.ParseDocumentContent()
   at System.Xml.XmlTextReaderImpl.Read()
   at System.Xml.XmlReader.MoveToContent()
   at System.Xml.Linq.XElement.Load(XmlReader reader, LoadOptions options)
   at System.Xml.Linq.XElement.Load(TextReader textReader, LoadOptions options)
   at Vixen.IO.Xml.XElementFileReader.ReadFile(String filePath)
11/26/2017 23:21:32 [Vixen.IO.Xml.XElementFileReader] Error loading 'C:\Users\jose\Documents\ChristmasStuff\Vixen\2017\Christmas\SystemData\SystemConfig.xml'. System.Xml.XmlException: Data at the root level is invalid. Line 3, position 1.
   at System.Xml.XmlTextReaderImpl.Throw(Exception e)
   at System.Xml.XmlTextReaderImpl.Throw(String res, String arg)
   at System.Xml.XmlTextReaderImpl.ParseRootLevelWhitespace()
   at System.Xml.XmlTextReaderImpl.ParseDocumentContent()
   at System.Xml.XmlTextReaderImpl.Read()
   at System.Xml.XmlReader.MoveToContent()
   at System.Xml.Linq.XElement.Load(XmlReader reader, LoadOptions options)
   at System.Xml.Linq.XElement.Load(TextReader textReader, LoadOptions options)
   at Vixen.IO.Xml.XElementFileReader.ReadFile(String filePath)    at System.Xml.XmlTextReaderImpl.Throw(Exception e)
   at System.Xml.XmlTextReaderImpl.Throw(String res, String arg)
   at System.Xml.XmlTextReaderImpl.ParseRootLevelWhitespace()
   at System.Xml.XmlTextReaderImpl.ParseDocumentContent()
   at System.Xml.XmlTextReaderImpl.Read()
   at System.Xml.XmlReader.MoveToContent()
   at System.Xml.Linq.XElement.Load(XmlReader reader, LoadOptions options)
   at System.Xml.Linq.XElement.Load(TextReader textReader, LoadOptions options)
   at Vixen.IO.Xml.XElementFileReader.ReadFile(String filePath)
11/26/2017 23:22:12 [VixenModules.Output.Renard.Module] COM3 is in use.  Starting controller retry timer for f66130a6-ff8a-48a7-bf1e-fac6cec2fc2c 
11/26/2017 23:22:53 [VixenModules.Output.Renard.Module] COM3 is in use.  Starting controller retry timer for f66130a6-ff8a-48a7-bf1e-fac6cec2fc2c 
11/26/2017 23:24:12 [VixenModules.Output.Renard.Module] COM3 is in use.  Starting controller retry timer for f66130a6-ff8a-48a7-bf1e-fac6cec2fc2c 
11/26/2017 23:24:53 [VixenModules.Output.Renard.Module] COM3 is in use.  Starting controller retry timer for f66130a6-ff8a-48a7-bf1e-fac6cec2fc2c 
11/26/2017 23:26:12 [VixenModules.Output.Renard.Module] COM3 is in use.  Starting controller retry timer for f66130a6-ff8a-48a7-bf1e-fac6cec2fc2c 
11/26/2017 23:26:53 [VixenModules.Output.Renard.Module] COM3 is in use.  Starting controller retry timer for f66130a6-ff8a-48a7-bf1e-fac6cec2fc2c 
11/26/2017 23:28:12 [VixenModules.Output.Renard.Module] COM3 is in use.  Starting controller retry timer for f66130a6-ff8a-48a7-bf1e-fac6cec2fc2c 
11/26/2017 23:28:53 [VixenModules.Output.Renard.Module] COM3 is in use.  Starting controller retry timer for f66130a6-ff8a-48a7-bf1e-fac6cec2fc2c 
