11/23/2017 11:35:19 [Vixen.Sys.Managers.HardwareUpdateThread] Controller Renard error System.IO.IOException: A device attached to the system is not functioning.

   at System.IO.Ports.InternalResources.WinIOError(Int32 errorCode, String str)
   at System.IO.Ports.SerialStream.EndWrite(IAsyncResult asyncResult)
   at System.IO.Ports.SerialStream.Write(Byte[] array, Int32 offset, Int32 count, Int32 timeout)
   at System.IO.Ports.SerialPort.Write(Byte[] buffer, Int32 offset, Int32 count)
   at VixenModules.Output.Renard.Module.UpdateState(Int32 chainIndex, ICommand[] outputStates)
   at Vixen.Sys.Output.OutputController.Update()
   at Vixen.Sys.Managers.HardwareUpdateThread._ThreadFunc()    at System.IO.Ports.InternalResources.WinIOError(Int32 errorCode, String str)
   at System.IO.Ports.SerialStream.EndWrite(IAsyncResult asyncResult)
   at System.IO.Ports.SerialStream.Write(Byte[] array, Int32 offset, Int32 count, Int32 timeout)
   at System.IO.Ports.SerialPort.Write(Byte[] buffer, Int32 offset, Int32 count)
   at VixenModules.Output.Renard.Module.UpdateState(Int32 chainIndex, ICommand[] outputStates)
   at Vixen.Sys.Output.OutputController.Update()
   at Vixen.Sys.Managers.HardwareUpdateThread._ThreadFunc()
11/23/2017 11:35:19 [Vixen.Sys.Managers.OutputDeviceExecution`1] Device Renard experienced an error during execution and was shutdown. 
11/23/2017 11:56:12 [VixenModules.Output.Renard.Module] COM3 is in use.  Starting controller retry timer for f66130a6-ff8a-48a7-bf1e-fac6cec2fc2c 
11/23/2017 12:25:18 [VixenModules.Output.Renard.Module] COM3 is in use.  Starting controller retry timer for f66130a6-ff8a-48a7-bf1e-fac6cec2fc2c 
11/23/2017 12:27:18 [VixenModules.Output.Renard.Module] COM3 is in use.  Starting controller retry timer for f66130a6-ff8a-48a7-bf1e-fac6cec2fc2c 
11/23/2017 12:29:18 [VixenModules.Output.Renard.Module] COM3 is in use.  Starting controller retry timer for f66130a6-ff8a-48a7-bf1e-fac6cec2fc2c 
11/23/2017 12:31:18 [VixenModules.Output.Renard.Module] COM3 is in use.  Starting controller retry timer for f66130a6-ff8a-48a7-bf1e-fac6cec2fc2c 
11/23/2017 20:29:29 [VixenModules.Output.Renard.Module] COM3 is in use.  Starting controller retry timer for f66130a6-ff8a-48a7-bf1e-fac6cec2fc2c 
11/23/2017 20:31:29 [VixenModules.Output.Renard.Module] COM3 is in use.  Starting controller retry timer for f66130a6-ff8a-48a7-bf1e-fac6cec2fc2c 
11/23/2017 20:33:29 [VixenModules.Output.Renard.Module] COM3 is in use.  Starting controller retry timer for f66130a6-ff8a-48a7-bf1e-fac6cec2fc2c 
11/23/2017 20:35:29 [VixenModules.Output.Renard.Module] COM3 is in use.  Starting controller retry timer for f66130a6-ff8a-48a7-bf1e-fac6cec2fc2c 
