05/07/2017 20:30:04 [Vixen.Sys.VixenSystem] Vixen System starting up... 
05/07/2017 20:30:06 [Vixen.Sys.State.Execution.OpeningState] Vixen execution engine entering the open state... 
05/07/2017 20:30:06 [Vixen.Sys.State.Execution.OpenState] Vixen execution engine entered the open state. 
05/07/2017 20:30:06 [Vixen.Sys.VixenSystem] Vixen System successfully started. 
05/07/2017 20:31:24 [Vixen.Sys.VixenSystem] Vixen System stopping... 
05/07/2017 20:31:24 [Vixen.Sys.State.Execution.ClosingState] Vixen execution engine entering the closing state... 
05/07/2017 20:31:24 [Vixen.Sys.State.Execution.ClosedState] Vixen execution engine entered the closed state. 
05/07/2017 20:31:24 [Vixen.Sys.VixenSystem] Vixen System successfully stopped. 
05/07/2017 20:31:27 [Vixen.Sys.VixenSystem] Vixen System starting up... 
05/07/2017 20:31:29 [Vixen.Sys.State.Execution.OpeningState] Vixen execution engine entering the open state... 
05/07/2017 20:31:29 [Vixen.Sys.State.Execution.OpenState] Vixen execution engine entered the open state. 
05/07/2017 20:31:29 [Vixen.Sys.VixenSystem] Vixen System successfully started. 
05/07/2017 20:32:53 [Vixen.Sys.VixenSystem] Vixen System stopping... 
05/07/2017 20:32:53 [Vixen.Sys.State.Execution.ClosingState] Vixen execution engine entering the closing state... 
05/07/2017 20:32:54 [Vixen.Sys.State.Execution.ClosedState] Vixen execution engine entered the closed state. 
05/07/2017 20:32:54 [Vixen.Sys.VixenSystem] Vixen System successfully stopped. 
05/07/2017 20:39:55 [Vixen.Sys.VixenSystem] Vixen System starting up... 
05/07/2017 20:39:57 [Vixen.Sys.State.Execution.OpeningState] Vixen execution engine entering the open state... 
05/07/2017 20:39:57 [Vixen.Sys.State.Execution.OpenState] Vixen execution engine entered the open state. 
05/07/2017 20:39:57 [Vixen.Sys.VixenSystem] Vixen System successfully started. 
05/07/2017 20:41:56 [Vixen.Sys.VixenSystem] Vixen System stopping... 
05/07/2017 20:41:56 [Vixen.Sys.State.Execution.ClosingState] Vixen execution engine entering the closing state... 
05/07/2017 20:41:56 [Vixen.Sys.State.Execution.ClosedState] Vixen execution engine entered the closed state. 
05/07/2017 20:41:56 [Vixen.Sys.VixenSystem] Vixen System successfully stopped. 
