11/21/2017 20:58:15 [VixenApplication.Program] An application error occurred. Please contact the Vixen Dev Team with the following information:

 System.DivideByZeroException: Time per pixel is zero!
   at Common.Controls.Timeline.TimelineControlBase.timeToPixels(TimeSpan t)
   at Common.Controls.Timeline.Grid.ResizeGridHorizontally()
   at Common.Controls.Timeline.Grid.OnTimePerPixelChanged(Object sender, EventArgs e)
   at System.EventHandler.Invoke(Object sender, EventArgs e)
   at Common.Controls.Timeline.TimeInfo.set_TimePerPixel(TimeSpan value)
   at Common.Controls.Timeline.TimelineControlBase.set_TimePerPixel(TimeSpan value)
   at Common.Controls.Timeline.TimelineControl.Zoom(Double scale)
   at VixenModules.Editor.TimedSequenceEditor.TimedSequenceEditorForm.OnKeyDown(KeyEventArgs e)
   at System.Windows.Forms.Control.ProcessKeyEventArgs(Message& m)
   at System.Windows.Forms.Form.ProcessKeyPreview(Message& m)
   at System.Windows.Forms.Control.ProcessKeyPreview(Message& m)
   at System.Windows.Forms.Control.ProcessKeyPreview(Message& m)
   at System.Windows.Forms.Control.ProcessKeyPreview(Message& m)
   at System.Windows.Forms.Control.ProcessKeyPreview(Message& m)
   at System.Windows.Forms.Control.ProcessKeyPreview(Message& m)
   at System.Windows.Forms.Form.ProcessKeyPreview(Message& m)
   at System.Windows.Forms.Control.ProcessKeyPreview(Message& m)
   at System.Windows.Forms.Control.ProcessKeyPreview(Message& m)
   at System.Windows.Forms.Control.ProcessKeyPreview(Message& m)
   at System.Windows.Forms.Control.ProcessKeyMessage(Message& m)
   at System.Windows.Forms.Control.WmKeyChar(Message& m)
   at System.Windows.Forms.Control.WndProc(Message& m)
   at System.Windows.Forms.ScrollableControl.WndProc(Message& m)
   at System.Windows.Forms.ContainerControl.WndProc(Message& m)
   at System.Windows.Forms.UserControl.WndProc(Message& m)
   at Common.Controls.Timeline.TimelineControlBase.WndProc(Message& m)
   at System.Windows.Forms.Control.ControlNativeWindow.OnMessage(Message& m)
   at System.Windows.Forms.Control.ControlNativeWindow.WndProc(Message& m)
   at System.Windows.Forms.NativeWindow.Callback(IntPtr hWnd, Int32 msg, IntPtr wparam, IntPtr lparam)    at Common.Controls.Timeline.TimelineControlBase.timeToPixels(TimeSpan t)
   at Common.Controls.Timeline.Grid.ResizeGridHorizontally()
   at Common.Controls.Timeline.Grid.OnTimePerPixelChanged(Object sender, EventArgs e)
   at System.EventHandler.Invoke(Object sender, EventArgs e)
   at Common.Controls.Timeline.TimeInfo.set_TimePerPixel(TimeSpan value)
   at Common.Controls.Timeline.TimelineControlBase.set_TimePerPixel(TimeSpan value)
   at Common.Controls.Timeline.TimelineControl.Zoom(Double scale)
   at VixenModules.Editor.TimedSequenceEditor.TimedSequenceEditorForm.OnKeyDown(KeyEventArgs e)
   at System.Windows.Forms.Control.ProcessKeyEventArgs(Message& m)
   at System.Windows.Forms.Form.ProcessKeyPreview(Message& m)
   at System.Windows.Forms.Control.ProcessKeyPreview(Message& m)
   at System.Windows.Forms.Control.ProcessKeyPreview(Message& m)
   at System.Windows.Forms.Control.ProcessKeyPreview(Message& m)
   at System.Windows.Forms.Control.ProcessKeyPreview(Message& m)
   at System.Windows.Forms.Control.ProcessKeyPreview(Message& m)
   at System.Windows.Forms.Form.ProcessKeyPreview(Message& m)
   at System.Windows.Forms.Control.ProcessKeyPreview(Message& m)
   at System.Windows.Forms.Control.ProcessKeyPreview(Message& m)
   at System.Windows.Forms.Control.ProcessKeyPreview(Message& m)
   at System.Windows.Forms.Control.ProcessKeyMessage(Message& m)
   at System.Windows.Forms.Control.WmKeyChar(Message& m)
   at System.Windows.Forms.Control.WndProc(Message& m)
   at System.Windows.Forms.ScrollableControl.WndProc(Message& m)
   at System.Windows.Forms.ContainerControl.WndProc(Message& m)
   at System.Windows.Forms.UserControl.WndProc(Message& m)
   at Common.Controls.Timeline.TimelineControlBase.WndProc(Message& m)
   at System.Windows.Forms.Control.ControlNativeWindow.OnMessage(Message& m)
   at System.Windows.Forms.Control.ControlNativeWindow.WndProc(Message& m)
   at System.Windows.Forms.NativeWindow.Callback(IntPtr hWnd, Int32 msg, IntPtr wparam, IntPtr lparam)
11/21/2017 21:51:03 [VixenApplication.Program] An application error occurred. Please contact the Vixen Dev Team with the following information:

 System.ArgumentOutOfRangeException: Enum value was out of legal range.
Parameter name: StopBits
   at System.IO.Ports.SerialPort.set_StopBits(StopBits value)
   at System.IO.Ports.SerialPort..ctor(String portName, Int32 baudRate, Parity parity, Int32 dataBits, StopBits stopBits)
   at Common.Controls.SerialPortConfig.get_SelectedPort()
   at VixenModules.Output.Renard.Module.Setup()
   at Vixen.Sys.Output.OutputModuleConsumer`1.Setup()
   at Vixen.Sys.Output.OutputController.Setup()
   at Common.Controls.ControllerTree.ConfigureController(IControllerDevice controller)
   at VixenApplication.Setup.SetupControllersSimple.buttonConfigureController_Click(Object sender, EventArgs e)
   at System.Windows.Forms.Control.OnClick(EventArgs e)
   at System.Windows.Forms.Button.OnClick(EventArgs e)
   at System.Windows.Forms.Button.OnMouseUp(MouseEventArgs mevent)
   at System.Windows.Forms.Control.WmMouseUp(Message& m, MouseButtons button, Int32 clicks)
   at System.Windows.Forms.Control.WndProc(Message& m)
   at System.Windows.Forms.ButtonBase.WndProc(Message& m)
   at System.Windows.Forms.Button.WndProc(Message& m)
   at System.Windows.Forms.Control.ControlNativeWindow.OnMessage(Message& m)
   at System.Windows.Forms.Control.ControlNativeWindow.WndProc(Message& m)
   at System.Windows.Forms.NativeWindow.Callback(IntPtr hWnd, Int32 msg, IntPtr wparam, IntPtr lparam)    at System.IO.Ports.SerialPort.set_StopBits(StopBits value)
   at System.IO.Ports.SerialPort..ctor(String portName, Int32 baudRate, Parity parity, Int32 dataBits, StopBits stopBits)
   at Common.Controls.SerialPortConfig.get_SelectedPort()
   at VixenModules.Output.Renard.Module.Setup()
   at Vixen.Sys.Output.OutputModuleConsumer`1.Setup()
   at Vixen.Sys.Output.OutputController.Setup()
   at Common.Controls.ControllerTree.ConfigureController(IControllerDevice controller)
   at VixenApplication.Setup.SetupControllersSimple.buttonConfigureController_Click(Object sender, EventArgs e)
   at System.Windows.Forms.Control.OnClick(EventArgs e)
   at System.Windows.Forms.Button.OnClick(EventArgs e)
   at System.Windows.Forms.Button.OnMouseUp(MouseEventArgs mevent)
   at System.Windows.Forms.Control.WmMouseUp(Message& m, MouseButtons button, Int32 clicks)
   at System.Windows.Forms.Control.WndProc(Message& m)
   at System.Windows.Forms.ButtonBase.WndProc(Message& m)
   at System.Windows.Forms.Button.WndProc(Message& m)
   at System.Windows.Forms.Control.ControlNativeWindow.OnMessage(Message& m)
   at System.Windows.Forms.Control.ControlNativeWindow.WndProc(Message& m)
   at System.Windows.Forms.NativeWindow.Callback(IntPtr hWnd, Int32 msg, IntPtr wparam, IntPtr lparam)
11/21/2017 21:52:27 [VixenApplication.Program] An application error occurred. Please contact the Vixen Dev Team with the following information:

 System.ArgumentOutOfRangeException: Enum value was out of legal range.
Parameter name: StopBits
   at System.IO.Ports.SerialPort.set_StopBits(StopBits value)
   at System.IO.Ports.SerialPort..ctor(String portName, Int32 baudRate, Parity parity, Int32 dataBits, StopBits stopBits)
   at Common.Controls.SerialPortConfig.get_SelectedPort()
   at VixenModules.Output.Renard.Module.Setup()
   at Vixen.Sys.Output.OutputModuleConsumer`1.Setup()
   at Vixen.Sys.Output.OutputController.Setup()
   at Common.Controls.ControllerTree.ConfigureController(IControllerDevice controller)
   at VixenApplication.Setup.SetupControllersSimple.buttonConfigureController_Click(Object sender, EventArgs e)
   at System.Windows.Forms.Control.OnClick(EventArgs e)
   at System.Windows.Forms.Button.OnClick(EventArgs e)
   at System.Windows.Forms.Button.OnMouseUp(MouseEventArgs mevent)
   at System.Windows.Forms.Control.WmMouseUp(Message& m, MouseButtons button, Int32 clicks)
   at System.Windows.Forms.Control.WndProc(Message& m)
   at System.Windows.Forms.ButtonBase.WndProc(Message& m)
   at System.Windows.Forms.Button.WndProc(Message& m)
   at System.Windows.Forms.Control.ControlNativeWindow.OnMessage(Message& m)
   at System.Windows.Forms.Control.ControlNativeWindow.WndProc(Message& m)
   at System.Windows.Forms.NativeWindow.Callback(IntPtr hWnd, Int32 msg, IntPtr wparam, IntPtr lparam)    at System.IO.Ports.SerialPort.set_StopBits(StopBits value)
   at System.IO.Ports.SerialPort..ctor(String portName, Int32 baudRate, Parity parity, Int32 dataBits, StopBits stopBits)
   at Common.Controls.SerialPortConfig.get_SelectedPort()
   at VixenModules.Output.Renard.Module.Setup()
   at Vixen.Sys.Output.OutputModuleConsumer`1.Setup()
   at Vixen.Sys.Output.OutputController.Setup()
   at Common.Controls.ControllerTree.ConfigureController(IControllerDevice controller)
   at VixenApplication.Setup.SetupControllersSimple.buttonConfigureController_Click(Object sender, EventArgs e)
   at System.Windows.Forms.Control.OnClick(EventArgs e)
   at System.Windows.Forms.Button.OnClick(EventArgs e)
   at System.Windows.Forms.Button.OnMouseUp(MouseEventArgs mevent)
   at System.Windows.Forms.Control.WmMouseUp(Message& m, MouseButtons button, Int32 clicks)
   at System.Windows.Forms.Control.WndProc(Message& m)
   at System.Windows.Forms.ButtonBase.WndProc(Message& m)
   at System.Windows.Forms.Button.WndProc(Message& m)
   at System.Windows.Forms.Control.ControlNativeWindow.OnMessage(Message& m)
   at System.Windows.Forms.Control.ControlNativeWindow.WndProc(Message& m)
   at System.Windows.Forms.NativeWindow.Callback(IntPtr hWnd, Int32 msg, IntPtr wparam, IntPtr lparam)
