02/17/2017 19:06:47 [Vixen.Sys.VixenSystem] Vixen System starting up... 
02/17/2017 19:06:48 [Vixen.Sys.State.Execution.OpeningState] Vixen execution engine entering the open state... 
02/17/2017 19:06:48 [Vixen.Sys.State.Execution.OpenState] Vixen execution engine entered the open state. 
02/17/2017 19:06:48 [Vixen.Sys.VixenSystem] Vixen System successfully started. 
02/17/2017 19:10:37 [Vixen.Sys.State.Execution.ClosingState] Vixen execution engine entering the closing state... 
02/17/2017 19:10:37 [Vixen.Sys.State.Execution.ClosedState] Vixen execution engine entered the closed state. 
02/17/2017 19:10:37 [Vixen.Sys.State.Execution.OpeningState] Vixen execution engine entering the open state... 
02/17/2017 19:10:37 [Vixen.Sys.State.Execution.OpenState] Vixen execution engine entered the open state. 
02/17/2017 19:43:04 [Vixen.Sys.VixenSystem] Vixen System stopping... 
02/17/2017 19:43:04 [Vixen.Sys.State.Execution.ClosingState] Vixen execution engine entering the closing state... 
02/17/2017 19:43:05 [Vixen.Sys.State.Execution.ClosedState] Vixen execution engine entered the closed state. 
02/17/2017 19:43:05 [Vixen.Sys.VixenSystem] Vixen System successfully stopped. 
02/17/2017 21:33:07 [Vixen.Sys.VixenSystem] Vixen System starting up... 
02/17/2017 21:33:09 [Vixen.Sys.State.Execution.OpeningState] Vixen execution engine entering the open state... 
02/17/2017 21:33:09 [Vixen.Sys.State.Execution.OpenState] Vixen execution engine entered the open state. 
02/17/2017 21:33:09 [Vixen.Sys.VixenSystem] Vixen System successfully started. 
02/17/2017 21:36:21 [Vixen.Sys.VixenSystem] Vixen System stopping... 
02/17/2017 21:36:21 [Vixen.Sys.State.Execution.ClosingState] Vixen execution engine entering the closing state... 
02/17/2017 21:36:21 [Vixen.Sys.State.Execution.ClosedState] Vixen execution engine entered the closed state. 
02/17/2017 21:36:21 [Vixen.Sys.VixenSystem] Vixen System successfully stopped. 
02/17/2017 21:48:08 [Vixen.Sys.VixenSystem] Vixen System starting up... 
02/17/2017 21:48:10 [Vixen.Sys.State.Execution.OpeningState] Vixen execution engine entering the open state... 
02/17/2017 21:48:10 [Vixen.Sys.State.Execution.OpenState] Vixen execution engine entered the open state. 
02/17/2017 21:48:10 [Vixen.Sys.VixenSystem] Vixen System successfully started. 
02/17/2017 21:48:16 [Vixen.Sys.State.Execution.ClosingState] Vixen execution engine entering the closing state... 
02/17/2017 21:48:16 [Vixen.Sys.State.Execution.ClosedState] Vixen execution engine entered the closed state. 
02/17/2017 21:48:16 [Vixen.Sys.State.Execution.OpeningState] Vixen execution engine entering the open state... 
02/17/2017 21:48:16 [Vixen.Sys.State.Execution.OpenState] Vixen execution engine entered the open state. 
02/17/2017 22:51:26 [Vixen.Sys.State.Execution.ClosingState] Vixen execution engine entering the closing state... 
02/17/2017 22:51:26 [Vixen.Sys.State.Execution.ClosedState] Vixen execution engine entered the closed state. 
02/17/2017 22:51:26 [Vixen.Sys.State.Execution.OpeningState] Vixen execution engine entering the open state... 
02/17/2017 22:51:26 [Vixen.Sys.State.Execution.OpenState] Vixen execution engine entered the open state. 
02/17/2017 22:52:07 [Vixen.Sys.VixenSystem] Vixen System stopping... 
02/17/2017 22:52:07 [Vixen.Sys.State.Execution.ClosingState] Vixen execution engine entering the closing state... 
02/17/2017 22:52:07 [Vixen.Sys.State.Execution.ClosedState] Vixen execution engine entered the closed state. 
02/17/2017 22:52:07 [Vixen.Sys.VixenSystem] Vixen System successfully stopped. 
02/17/2017 22:52:10 [Vixen.Sys.VixenSystem] Vixen System starting up... 
02/17/2017 22:52:12 [Vixen.Sys.State.Execution.OpeningState] Vixen execution engine entering the open state... 
02/17/2017 22:52:12 [Vixen.Sys.State.Execution.OpenState] Vixen execution engine entered the open state. 
02/17/2017 22:52:12 [Vixen.Sys.VixenSystem] Vixen System successfully started. 
02/17/2017 22:56:33 [Vixen.Sys.VixenSystem] Vixen System stopping... 
02/17/2017 22:56:33 [Vixen.Sys.State.Execution.ClosingState] Vixen execution engine entering the closing state... 
02/17/2017 22:56:33 [Vixen.Sys.State.Execution.ClosedState] Vixen execution engine entered the closed state. 
02/17/2017 22:56:33 [Vixen.Sys.VixenSystem] Vixen System successfully stopped. 
