11/20/2017 12:54:05 [Vixen.Sys.VixenSystem] Vixen System stopping... 
11/20/2017 12:54:05 [Vixen.Sys.State.Execution.ClosingState] Vixen execution engine entering the closing state... 
11/20/2017 12:54:05 [Vixen.Sys.State.Execution.ClosedState] Vixen execution engine entered the closed state. 
11/20/2017 12:54:06 [Vixen.Sys.VixenSystem] Vixen System successfully stopped. 
11/20/2017 13:20:37 [Vixen.Sys.VixenSystem] Vixen System starting up... 
11/20/2017 13:20:39 [Vixen.Sys.State.Execution.OpeningState] Vixen execution engine entering the open state... 
11/20/2017 13:20:39 [Vixen.Sys.State.Execution.OpenState] Vixen execution engine entered the open state. 
11/20/2017 13:20:39 [Vixen.Sys.VixenSystem] Vixen System successfully started. 
11/20/2017 13:22:55 [Vixen.Sys.State.Execution.ClosingState] Vixen execution engine entering the closing state... 
11/20/2017 13:22:55 [Vixen.Sys.State.Execution.ClosedState] Vixen execution engine entered the closed state. 
11/20/2017 13:22:55 [Vixen.Sys.State.Execution.OpeningState] Vixen execution engine entering the open state... 
11/20/2017 13:22:55 [Vixen.Sys.State.Execution.OpenState] Vixen execution engine entered the open state. 
11/20/2017 13:22:56 [Vixen.Sys.VixenSystem] Vixen System stopping... 
11/20/2017 13:22:56 [Vixen.Sys.State.Execution.ClosingState] Vixen execution engine entering the closing state... 
11/20/2017 13:22:56 [Vixen.Sys.State.Execution.ClosedState] Vixen execution engine entered the closed state. 
11/20/2017 13:22:56 [Vixen.Sys.VixenSystem] Vixen System successfully stopped. 
11/20/2017 13:26:24 [Vixen.Sys.VixenSystem] Vixen System starting up... 
11/20/2017 13:26:26 [Vixen.Sys.State.Execution.OpeningState] Vixen execution engine entering the open state... 
11/20/2017 13:26:26 [Vixen.Sys.State.Execution.OpenState] Vixen execution engine entered the open state. 
11/20/2017 13:26:26 [Vixen.Sys.VixenSystem] Vixen System successfully started. 
11/20/2017 16:34:39 [Vixen.Sys.VixenSystem] Vixen System stopping... 
11/20/2017 16:34:39 [Vixen.Sys.State.Execution.ClosingState] Vixen execution engine entering the closing state... 
11/20/2017 16:34:39 [Vixen.Sys.State.Execution.ClosedState] Vixen execution engine entered the closed state. 
11/20/2017 16:34:39 [Vixen.Sys.VixenSystem] Vixen System successfully stopped. 
11/20/2017 16:35:12 [Vixen.Sys.VixenSystem] Vixen System starting up... 
11/20/2017 16:35:13 [Vixen.Sys.State.Execution.OpeningState] Vixen execution engine entering the open state... 
11/20/2017 16:35:13 [Vixen.Sys.State.Execution.OpenState] Vixen execution engine entered the open state. 
11/20/2017 16:35:13 [Vixen.Sys.VixenSystem] Vixen System successfully started. 
