11/26/2017 09:52:05 [Vixen.Sys.VixenSystem] Vixen System stopping... 
11/26/2017 09:52:05 [Vixen.Sys.State.Execution.ClosingState] Vixen execution engine entering the closing state... 
11/26/2017 09:52:05 [Vixen.Sys.State.Execution.ClosedState] Vixen execution engine entered the closed state. 
11/26/2017 09:52:05 [Vixen.Sys.VixenSystem] Vixen System successfully stopped. 
11/26/2017 13:07:36 [Vixen.Sys.VixenSystem] Vixen System starting up... 
11/26/2017 13:07:38 [Vixen.Sys.State.Execution.OpeningState] Vixen execution engine entering the open state... 
11/26/2017 13:07:38 [VixenModules.Output.Renard.Module] Starting retry counter for com port access. Retry count is 1 
11/26/2017 13:07:38 [Vixen.Sys.State.Execution.OpenState] Vixen execution engine entered the open state. 
11/26/2017 13:07:38 [Vixen.Sys.VixenSystem] Vixen System successfully started. 
11/26/2017 13:09:38 [VixenModules.Output.Renard.Module] Attempting to start controller. 
11/26/2017 13:09:38 [VixenModules.Output.Renard.Module] Starting retry counter for com port access. Retry count is 2 
11/26/2017 13:11:38 [VixenModules.Output.Renard.Module] Attempting to start controller. 
11/26/2017 13:11:38 [VixenModules.Output.Renard.Module] Starting retry counter for com port access. Retry count is 3 
11/26/2017 13:13:38 [VixenModules.Output.Renard.Module] Attempting to start controller. 
11/26/2017 13:13:38 [VixenModules.Output.Renard.Module] Retry counter for com port access has exceeded max tries.  Controller has been stopped. 
11/26/2017 13:59:57 [Vixen.Sys.VixenSystem] Vixen System stopping... 
11/26/2017 13:59:57 [Vixen.Sys.State.Execution.ClosingState] Vixen execution engine entering the closing state... 
11/26/2017 13:59:57 [Vixen.Sys.State.Execution.ClosedState] Vixen execution engine entered the closed state. 
11/26/2017 13:59:58 [Vixen.Sys.VixenSystem] Vixen System successfully stopped. 
11/26/2017 15:55:43 [Vixen.Sys.VixenSystem] Vixen System starting up... 
11/26/2017 15:55:44 [Vixen.Sys.State.Execution.OpeningState] Vixen execution engine entering the open state... 
11/26/2017 15:55:44 [VixenModules.Output.Renard.Module] Starting retry counter for com port access. Retry count is 1 
11/26/2017 15:55:44 [Vixen.Sys.State.Execution.OpenState] Vixen execution engine entered the open state. 
11/26/2017 15:55:44 [Vixen.Sys.VixenSystem] Vixen System successfully started. 
11/26/2017 15:57:44 [VixenModules.Output.Renard.Module] Attempting to start controller. 
11/26/2017 15:57:44 [VixenModules.Output.Renard.Module] Starting retry counter for com port access. Retry count is 2 
11/26/2017 15:59:44 [VixenModules.Output.Renard.Module] Attempting to start controller. 
11/26/2017 15:59:44 [VixenModules.Output.Renard.Module] Starting retry counter for com port access. Retry count is 3 
11/26/2017 16:01:44 [VixenModules.Output.Renard.Module] Attempting to start controller. 
11/26/2017 16:01:44 [VixenModules.Output.Renard.Module] Retry counter for com port access has exceeded max tries.  Controller has been stopped. 
11/26/2017 16:45:39 [Vixen.Sys.VixenSystem] Vixen System stopping... 
11/26/2017 16:45:39 [Vixen.Sys.State.Execution.ClosingState] Vixen execution engine entering the closing state... 
11/26/2017 16:45:39 [Vixen.Sys.State.Execution.ClosedState] Vixen execution engine entered the closed state. 
11/26/2017 16:45:39 [Vixen.Sys.VixenSystem] Vixen System successfully stopped. 
11/26/2017 16:45:50 [Vixen.Sys.VixenSystem] Vixen System starting up... 
11/26/2017 16:45:52 [Vixen.Sys.State.Execution.OpeningState] Vixen execution engine entering the open state... 
11/26/2017 16:45:52 [VixenModules.Output.Renard.Module] Starting retry counter for com port access. Retry count is 1 
11/26/2017 16:45:52 [Vixen.Sys.State.Execution.OpenState] Vixen execution engine entered the open state. 
11/26/2017 16:45:52 [Vixen.Sys.VixenSystem] Vixen System successfully started. 
11/26/2017 16:46:26 [Vixen.Sys.VixenSystem] Vixen System stopping... 
11/26/2017 16:46:26 [Vixen.Sys.State.Execution.ClosingState] Vixen execution engine entering the closing state... 
11/26/2017 16:46:26 [Vixen.Sys.State.Execution.ClosedState] Vixen execution engine entered the closed state. 
11/26/2017 16:46:26 [Vixen.Sys.VixenSystem] Vixen System successfully stopped. 
11/26/2017 16:47:38 [Vixen.Sys.VixenSystem] Vixen System starting up... 
11/26/2017 16:47:39 [Vixen.Sys.State.Execution.OpeningState] Vixen execution engine entering the open state... 
11/26/2017 16:47:39 [VixenModules.Output.Renard.Module] Starting retry counter for com port access. Retry count is 1 
11/26/2017 16:47:39 [Vixen.Sys.State.Execution.OpenState] Vixen execution engine entered the open state. 
11/26/2017 16:47:39 [Vixen.Sys.VixenSystem] Vixen System successfully started. 
11/26/2017 16:49:39 [VixenModules.Output.Renard.Module] Attempting to start controller. 
11/26/2017 16:49:39 [VixenModules.Output.Renard.Module] Starting retry counter for com port access. Retry count is 2 
11/26/2017 16:51:39 [VixenModules.Output.Renard.Module] Attempting to start controller. 
11/26/2017 16:51:39 [VixenModules.Output.Renard.Module] Starting retry counter for com port access. Retry count is 3 
11/26/2017 16:53:39 [VixenModules.Output.Renard.Module] Attempting to start controller. 
11/26/2017 16:53:39 [VixenModules.Output.Renard.Module] Retry counter for com port access has exceeded max tries.  Controller has been stopped. 
11/26/2017 19:01:28 [Vixen.Sys.VixenSystem] Vixen System stopping... 
11/26/2017 19:01:28 [Vixen.Sys.State.Execution.ClosingState] Vixen execution engine entering the closing state... 
11/26/2017 19:01:28 [Vixen.Sys.State.Execution.ClosedState] Vixen execution engine entered the closed state. 
11/26/2017 19:01:28 [Vixen.Sys.VixenSystem] Vixen System successfully stopped. 
11/26/2017 21:10:37 [Vixen.Sys.VixenSystem] Vixen System starting up... 
11/26/2017 21:10:39 [Vixen.Sys.State.Execution.OpeningState] Vixen execution engine entering the open state... 
11/26/2017 21:10:39 [VixenModules.Output.Renard.Module] Starting retry counter for com port access. Retry count is 1 
11/26/2017 21:10:39 [Vixen.Sys.State.Execution.OpenState] Vixen execution engine entered the open state. 
11/26/2017 21:10:39 [Vixen.Sys.VixenSystem] Vixen System successfully started. 
11/26/2017 21:12:39 [VixenModules.Output.Renard.Module] Attempting to start controller. 
11/26/2017 21:12:39 [VixenModules.Output.Renard.Module] Starting retry counter for com port access. Retry count is 2 
11/26/2017 21:14:39 [VixenModules.Output.Renard.Module] Attempting to start controller. 
11/26/2017 21:14:39 [VixenModules.Output.Renard.Module] Starting retry counter for com port access. Retry count is 3 
11/26/2017 21:16:39 [VixenModules.Output.Renard.Module] Attempting to start controller. 
11/26/2017 21:16:39 [VixenModules.Output.Renard.Module] Retry counter for com port access has exceeded max tries.  Controller has been stopped. 
11/26/2017 21:23:09 [Vixen.Sys.State.Execution.ClosingState] Vixen execution engine entering the closing state... 
11/26/2017 21:23:09 [Vixen.Sys.State.Execution.ClosedState] Vixen execution engine entered the closed state. 
11/26/2017 21:23:09 [Vixen.Sys.State.Execution.OpeningState] Vixen execution engine entering the open state... 
11/26/2017 21:23:09 [VixenModules.Output.Renard.Module] Starting retry counter for com port access. Retry count is 1 
11/26/2017 21:23:09 [Vixen.Sys.State.Execution.OpenState] Vixen execution engine entered the open state. 
11/26/2017 21:25:09 [VixenModules.Output.Renard.Module] Attempting to start controller. 
11/26/2017 21:25:09 [VixenModules.Output.Renard.Module] Starting retry counter for com port access. Retry count is 2 
11/26/2017 21:27:09 [VixenModules.Output.Renard.Module] Attempting to start controller. 
11/26/2017 21:27:09 [VixenModules.Output.Renard.Module] Starting retry counter for com port access. Retry count is 3 
11/26/2017 21:29:09 [VixenModules.Output.Renard.Module] Attempting to start controller. 
11/26/2017 21:29:09 [VixenModules.Output.Renard.Module] Retry counter for com port access has exceeded max tries.  Controller has been stopped. 
11/26/2017 21:40:18 [Vixen.Sys.VixenSystem] Vixen System stopping... 
11/26/2017 21:40:18 [Vixen.Sys.State.Execution.ClosingState] Vixen execution engine entering the closing state... 
11/26/2017 21:40:18 [Vixen.Sys.State.Execution.ClosedState] Vixen execution engine entered the closed state. 
11/26/2017 21:40:18 [Vixen.Sys.VixenSystem] Vixen System successfully stopped. 
11/26/2017 21:42:20 [Vixen.Sys.VixenSystem] Vixen System starting up... 
11/26/2017 21:42:21 [Vixen.Sys.State.Execution.OpeningState] Vixen execution engine entering the open state... 
11/26/2017 21:42:21 [VixenModules.Output.Renard.Module] Starting retry counter for com port access. Retry count is 1 
11/26/2017 21:42:21 [Vixen.Sys.State.Execution.OpenState] Vixen execution engine entered the open state. 
11/26/2017 21:42:21 [Vixen.Sys.VixenSystem] Vixen System successfully started. 
11/26/2017 21:44:21 [VixenModules.Output.Renard.Module] Attempting to start controller. 
11/26/2017 21:44:21 [VixenModules.Output.Renard.Module] Starting retry counter for com port access. Retry count is 2 
11/26/2017 21:46:21 [VixenModules.Output.Renard.Module] Attempting to start controller. 
11/26/2017 21:46:21 [VixenModules.Output.Renard.Module] Starting retry counter for com port access. Retry count is 3 
11/26/2017 21:48:21 [VixenModules.Output.Renard.Module] Attempting to start controller. 
11/26/2017 21:48:21 [VixenModules.Output.Renard.Module] Retry counter for com port access has exceeded max tries.  Controller has been stopped. 
11/26/2017 22:50:02 [Vixen.Sys.VixenSystem] Vixen System starting up... 
11/26/2017 22:50:04 [Vixen.Sys.State.Execution.OpeningState] Vixen execution engine entering the open state... 
11/26/2017 22:50:04 [VixenModules.Output.Renard.Module] Starting retry counter for com port access. Retry count is 1 
11/26/2017 22:50:04 [Vixen.Sys.State.Execution.OpenState] Vixen execution engine entered the open state. 
11/26/2017 22:50:04 [Vixen.Sys.VixenSystem] Vixen System successfully started. 
11/26/2017 22:52:04 [VixenModules.Output.Renard.Module] Attempting to start controller. 
11/26/2017 22:52:04 [VixenModules.Output.Renard.Module] Starting retry counter for com port access. Retry count is 2 
11/26/2017 22:54:04 [VixenModules.Output.Renard.Module] Attempting to start controller. 
11/26/2017 22:54:04 [VixenModules.Output.Renard.Module] Starting retry counter for com port access. Retry count is 3 
11/26/2017 22:56:04 [VixenModules.Output.Renard.Module] Attempting to start controller. 
11/26/2017 22:56:04 [VixenModules.Output.Renard.Module] Retry counter for com port access has exceeded max tries.  Controller has been stopped. 
11/26/2017 23:00:46 [Vixen.Sys.VixenSystem] Vixen System stopping... 
11/26/2017 23:00:46 [Vixen.Sys.State.Execution.ClosingState] Vixen execution engine entering the closing state... 
11/26/2017 23:00:46 [Vixen.Sys.State.Execution.ClosedState] Vixen execution engine entered the closed state. 
11/26/2017 23:00:46 [Vixen.Sys.VixenSystem] Vixen System successfully stopped. 
11/26/2017 23:00:52 [Vixen.Sys.VixenSystem] Vixen System starting up... 
11/26/2017 23:00:53 [Vixen.Sys.State.Execution.OpeningState] Vixen execution engine entering the open state... 
11/26/2017 23:00:53 [Vixen.Sys.State.Execution.OpenState] Vixen execution engine entered the open state. 
11/26/2017 23:00:53 [Vixen.Sys.VixenSystem] Vixen System successfully started. 
11/26/2017 23:03:19 [Vixen.Sys.VixenSystem] Vixen System stopping... 
11/26/2017 23:03:19 [Vixen.Sys.State.Execution.ClosingState] Vixen execution engine entering the closing state... 
11/26/2017 23:03:19 [Vixen.Sys.State.Execution.ClosedState] Vixen execution engine entered the closed state. 
11/26/2017 23:03:20 [Vixen.Sys.VixenSystem] Vixen System successfully stopped. 
11/26/2017 23:03:21 [Vixen.Sys.VixenSystem] Vixen System starting up... 
11/26/2017 23:03:23 [Vixen.Sys.State.Execution.OpeningState] Vixen execution engine entering the open state... 
11/26/2017 23:03:23 [VixenModules.Output.Renard.Module] Starting retry counter for com port access. Retry count is 1 
11/26/2017 23:03:23 [Vixen.Sys.State.Execution.OpenState] Vixen execution engine entered the open state. 
11/26/2017 23:03:23 [Vixen.Sys.VixenSystem] Vixen System successfully started. 
11/26/2017 23:05:23 [VixenModules.Output.Renard.Module] Attempting to start controller. 
11/26/2017 23:05:23 [VixenModules.Output.Renard.Module] Starting retry counter for com port access. Retry count is 2 
11/26/2017 23:05:42 [Vixen.Sys.VixenSystem] Vixen System stopping... 
11/26/2017 23:05:42 [Vixen.Sys.State.Execution.ClosingState] Vixen execution engine entering the closing state... 
11/26/2017 23:05:42 [Vixen.Sys.State.Execution.ClosedState] Vixen execution engine entered the closed state. 
11/26/2017 23:05:42 [Vixen.Sys.VixenSystem] Vixen System successfully stopped. 
11/26/2017 23:05:44 [Vixen.Sys.VixenSystem] Vixen System starting up... 
11/26/2017 23:05:45 [Vixen.Sys.State.Execution.OpeningState] Vixen execution engine entering the open state... 
11/26/2017 23:05:45 [Vixen.Sys.State.Execution.OpenState] Vixen execution engine entered the open state. 
11/26/2017 23:05:45 [Vixen.Sys.VixenSystem] Vixen System successfully started. 
11/26/2017 23:06:55 [Vixen.Sys.VixenSystem] Vixen System stopping... 
11/26/2017 23:06:55 [Vixen.Sys.State.Execution.ClosingState] Vixen execution engine entering the closing state... 
11/26/2017 23:06:55 [Vixen.Sys.State.Execution.ClosedState] Vixen execution engine entered the closed state. 
11/26/2017 23:06:55 [Vixen.Sys.VixenSystem] Vixen System successfully stopped. 
11/26/2017 23:11:25 [Vixen.Sys.VixenSystem] Vixen System starting up... 
11/26/2017 23:11:27 [Vixen.Sys.State.Execution.OpeningState] Vixen execution engine entering the open state... 
11/26/2017 23:11:27 [Vixen.Sys.State.Execution.OpenState] Vixen execution engine entered the open state. 
11/26/2017 23:11:27 [Vixen.Sys.VixenSystem] Vixen System successfully started. 
11/26/2017 23:11:39 [Vixen.Sys.State.Execution.ClosingState] Vixen execution engine entering the closing state... 
11/26/2017 23:11:39 [Vixen.Sys.State.Execution.ClosedState] Vixen execution engine entered the closed state. 
11/26/2017 23:11:39 [Vixen.Sys.State.Execution.OpeningState] Vixen execution engine entering the open state... 
11/26/2017 23:11:39 [Vixen.Sys.State.Execution.OpenState] Vixen execution engine entered the open state. 
11/26/2017 23:11:41 [Vixen.Sys.VixenSystem] Vixen System stopping... 
11/26/2017 23:11:41 [Vixen.Sys.State.Execution.ClosingState] Vixen execution engine entering the closing state... 
11/26/2017 23:11:41 [Vixen.Sys.State.Execution.ClosedState] Vixen execution engine entered the closed state. 
11/26/2017 23:11:41 [Vixen.Sys.VixenSystem] Vixen System successfully stopped. 
11/26/2017 23:11:56 [Vixen.Sys.VixenSystem] Vixen System starting up... 
11/26/2017 23:11:57 [Vixen.Sys.State.Execution.OpeningState] Vixen execution engine entering the open state... 
11/26/2017 23:11:57 [Vixen.Sys.State.Execution.OpenState] Vixen execution engine entered the open state. 
11/26/2017 23:11:57 [Vixen.Sys.VixenSystem] Vixen System successfully started. 
11/26/2017 23:12:39 [Vixen.Sys.VixenSystem] Vixen System stopping... 
11/26/2017 23:12:39 [Vixen.Sys.State.Execution.ClosingState] Vixen execution engine entering the closing state... 
11/26/2017 23:12:39 [Vixen.Sys.State.Execution.ClosedState] Vixen execution engine entered the closed state. 
11/26/2017 23:12:40 [Vixen.Sys.VixenSystem] Vixen System successfully stopped. 
11/26/2017 23:12:41 [Vixen.Sys.VixenSystem] Vixen System starting up... 
11/26/2017 23:12:42 [Vixen.Sys.State.Execution.OpeningState] Vixen execution engine entering the open state... 
11/26/2017 23:12:42 [Vixen.Sys.State.Execution.OpenState] Vixen execution engine entered the open state. 
11/26/2017 23:12:42 [Vixen.Sys.VixenSystem] Vixen System successfully started. 
11/26/2017 23:12:54 [Vixen.Sys.VixenSystem] Vixen System stopping... 
11/26/2017 23:12:54 [Vixen.Sys.State.Execution.ClosingState] Vixen execution engine entering the closing state... 
11/26/2017 23:12:54 [Vixen.Sys.State.Execution.ClosedState] Vixen execution engine entered the closed state. 
11/26/2017 23:12:54 [Vixen.Sys.VixenSystem] Vixen System successfully stopped. 
11/26/2017 23:13:28 [Vixen.Sys.VixenSystem] Vixen System starting up... 
11/26/2017 23:13:29 [Vixen.Sys.State.Execution.OpeningState] Vixen execution engine entering the open state... 
11/26/2017 23:13:29 [Vixen.Sys.State.Execution.OpenState] Vixen execution engine entered the open state. 
11/26/2017 23:13:29 [Vixen.Sys.VixenSystem] Vixen System successfully started. 
11/26/2017 23:13:40 [Vixen.Sys.VixenSystem] Vixen System stopping... 
11/26/2017 23:13:40 [Vixen.Sys.State.Execution.ClosingState] Vixen execution engine entering the closing state... 
11/26/2017 23:13:40 [Vixen.Sys.State.Execution.ClosedState] Vixen execution engine entered the closed state. 
11/26/2017 23:13:40 [Vixen.Sys.VixenSystem] Vixen System successfully stopped. 
11/26/2017 23:13:41 [Vixen.Sys.VixenSystem] Vixen System starting up... 
11/26/2017 23:13:42 [Vixen.Sys.State.Execution.OpeningState] Vixen execution engine entering the open state... 
11/26/2017 23:13:42 [Vixen.Sys.State.Execution.OpenState] Vixen execution engine entered the open state. 
11/26/2017 23:13:42 [Vixen.Sys.VixenSystem] Vixen System successfully started. 
11/26/2017 23:13:48 [Vixen.Sys.State.Execution.ClosingState] Vixen execution engine entering the closing state... 
11/26/2017 23:13:48 [Vixen.Sys.State.Execution.ClosedState] Vixen execution engine entered the closed state. 
11/26/2017 23:13:48 [Vixen.Sys.State.Execution.OpeningState] Vixen execution engine entering the open state... 
11/26/2017 23:13:48 [Vixen.Sys.State.Execution.OpenState] Vixen execution engine entered the open state. 
11/26/2017 23:14:02 [Vixen.Sys.VixenSystem] Vixen System stopping... 
11/26/2017 23:14:02 [Vixen.Sys.State.Execution.ClosingState] Vixen execution engine entering the closing state... 
11/26/2017 23:14:02 [Vixen.Sys.State.Execution.ClosedState] Vixen execution engine entered the closed state. 
11/26/2017 23:14:02 [Vixen.Sys.VixenSystem] Vixen System successfully stopped. 
11/26/2017 23:14:04 [Vixen.Sys.VixenSystem] Vixen System starting up... 
11/26/2017 23:14:05 [Vixen.Sys.State.Execution.OpeningState] Vixen execution engine entering the open state... 
11/26/2017 23:14:05 [Vixen.Sys.State.Execution.OpenState] Vixen execution engine entered the open state. 
11/26/2017 23:14:05 [Vixen.Sys.VixenSystem] Vixen System successfully started. 
11/26/2017 23:20:02 [Vixen.Sys.VixenSystem] Vixen System stopping... 
11/26/2017 23:20:02 [Vixen.Sys.State.Execution.ClosingState] Vixen execution engine entering the closing state... 
11/26/2017 23:20:02 [Vixen.Sys.State.Execution.ClosedState] Vixen execution engine entered the closed state. 
11/26/2017 23:20:02 [Vixen.Sys.VixenSystem] Vixen System successfully stopped. 
11/26/2017 23:21:17 [Vixen.Sys.VixenSystem] Vixen System starting up... 
11/26/2017 23:21:18 [Vixen.Sys.State.Execution.OpeningState] Vixen execution engine entering the open state... 
11/26/2017 23:21:18 [Vixen.Sys.State.Execution.OpenState] Vixen execution engine entered the open state. 
11/26/2017 23:21:18 [Vixen.Sys.VixenSystem] Vixen System successfully started. 
11/26/2017 23:21:32 [Vixen.Sys.State.Execution.ClosingState] Vixen execution engine entering the closing state... 
11/26/2017 23:21:32 [Vixen.Sys.State.Execution.ClosedState] Vixen execution engine entered the closed state. 
11/26/2017 23:21:32 [Vixen.Sys.State.Execution.OpeningState] Vixen execution engine entering the open state... 
11/26/2017 23:21:32 [Vixen.Sys.State.Execution.OpenState] Vixen execution engine entered the open state. 
11/26/2017 23:21:52 [Vixen.Sys.VixenSystem] Vixen System stopping... 
11/26/2017 23:21:52 [Vixen.Sys.State.Execution.ClosingState] Vixen execution engine entering the closing state... 
11/26/2017 23:21:52 [Vixen.Sys.State.Execution.ClosedState] Vixen execution engine entered the closed state. 
11/26/2017 23:21:52 [Vixen.Sys.VixenSystem] Vixen System successfully stopped. 
11/26/2017 23:21:54 [Vixen.Sys.VixenSystem] Vixen System starting up... 
11/26/2017 23:21:55 [Vixen.Sys.State.Execution.OpeningState] Vixen execution engine entering the open state... 
11/26/2017 23:21:55 [Vixen.Sys.State.Execution.OpenState] Vixen execution engine entered the open state. 
11/26/2017 23:21:55 [Vixen.Sys.VixenSystem] Vixen System successfully started. 
11/26/2017 23:22:00 [Vixen.Sys.State.Execution.ClosingState] Vixen execution engine entering the closing state... 
11/26/2017 23:22:00 [Vixen.Sys.State.Execution.ClosedState] Vixen execution engine entered the closed state. 
11/26/2017 23:22:00 [Vixen.Sys.State.Execution.OpeningState] Vixen execution engine entering the open state... 
11/26/2017 23:22:00 [Vixen.Sys.State.Execution.OpenState] Vixen execution engine entered the open state. 
11/26/2017 23:22:09 [Vixen.Sys.VixenSystem] Vixen System stopping... 
11/26/2017 23:22:09 [Vixen.Sys.State.Execution.ClosingState] Vixen execution engine entering the closing state... 
11/26/2017 23:22:09 [Vixen.Sys.State.Execution.ClosedState] Vixen execution engine entered the closed state. 
11/26/2017 23:22:09 [Vixen.Sys.VixenSystem] Vixen System successfully stopped. 
11/26/2017 23:22:10 [Vixen.Sys.VixenSystem] Vixen System starting up... 
11/26/2017 23:22:12 [Vixen.Sys.State.Execution.OpeningState] Vixen execution engine entering the open state... 
11/26/2017 23:22:12 [VixenModules.Output.Renard.Module] Starting retry counter for com port access. Retry count is 1 
11/26/2017 23:22:12 [Vixen.Sys.State.Execution.OpenState] Vixen execution engine entered the open state. 
11/26/2017 23:22:12 [Vixen.Sys.VixenSystem] Vixen System successfully started. 
11/26/2017 23:22:53 [Vixen.Sys.State.Execution.ClosingState] Vixen execution engine entering the closing state... 
11/26/2017 23:22:53 [Vixen.Sys.State.Execution.ClosedState] Vixen execution engine entered the closed state. 
11/26/2017 23:22:53 [Vixen.Sys.State.Execution.OpeningState] Vixen execution engine entering the open state... 
11/26/2017 23:22:53 [VixenModules.Output.Renard.Module] Starting retry counter for com port access. Retry count is 1 
11/26/2017 23:22:53 [Vixen.Sys.State.Execution.OpenState] Vixen execution engine entered the open state. 
11/26/2017 23:24:12 [VixenModules.Output.Renard.Module] Attempting to start controller. 
11/26/2017 23:24:12 [VixenModules.Output.Renard.Module] Starting retry counter for com port access. Retry count is 2 
11/26/2017 23:24:53 [VixenModules.Output.Renard.Module] Attempting to start controller. 
11/26/2017 23:24:53 [VixenModules.Output.Renard.Module] Starting retry counter for com port access. Retry count is 2 
11/26/2017 23:26:12 [VixenModules.Output.Renard.Module] Attempting to start controller. 
11/26/2017 23:26:12 [VixenModules.Output.Renard.Module] Starting retry counter for com port access. Retry count is 3 
11/26/2017 23:26:53 [VixenModules.Output.Renard.Module] Attempting to start controller. 
11/26/2017 23:26:53 [VixenModules.Output.Renard.Module] Starting retry counter for com port access. Retry count is 3 
11/26/2017 23:28:12 [VixenModules.Output.Renard.Module] Attempting to start controller. 
11/26/2017 23:28:12 [VixenModules.Output.Renard.Module] Retry counter for com port access has exceeded max tries.  Controller has been stopped. 
11/26/2017 23:28:53 [VixenModules.Output.Renard.Module] Attempting to start controller. 
11/26/2017 23:28:53 [VixenModules.Output.Renard.Module] Retry counter for com port access has exceeded max tries.  Controller has been stopped. 
