05/12/2017 15:31:11 [Vixen.Sys.VixenSystem] Vixen System starting up... 
05/12/2017 15:31:12 [Vixen.Sys.State.Execution.OpeningState] Vixen execution engine entering the open state... 
05/12/2017 15:31:12 [VixenModules.Output.Renard.Module] Starting retry counter for com port access. Retry count is 1 
05/12/2017 15:31:12 [Vixen.Sys.State.Execution.OpenState] Vixen execution engine entered the open state. 
05/12/2017 15:31:12 [Vixen.Sys.VixenSystem] Vixen System successfully started. 
05/12/2017 15:33:12 [VixenModules.Output.Renard.Module] Attempting to start controller. 
05/12/2017 15:33:12 [VixenModules.Output.Renard.Module] Starting retry counter for com port access. Retry count is 2 
05/12/2017 15:35:12 [VixenModules.Output.Renard.Module] Attempting to start controller. 
05/12/2017 15:35:12 [VixenModules.Output.Renard.Module] Starting retry counter for com port access. Retry count is 3 
05/12/2017 15:37:12 [VixenModules.Output.Renard.Module] Attempting to start controller. 
05/12/2017 15:37:12 [VixenModules.Output.Renard.Module] Retry counter for com port access has exceeded max tries.  Controller has been stopped. 
05/12/2017 15:41:17 [Vixen.Sys.State.Execution.ClosingState] Vixen execution engine entering the closing state... 
05/12/2017 15:41:17 [Vixen.Sys.State.Execution.ClosedState] Vixen execution engine entered the closed state. 
05/12/2017 15:41:17 [Vixen.Sys.State.Execution.OpeningState] Vixen execution engine entering the open state... 
05/12/2017 15:41:17 [VixenModules.Output.Renard.Module] Starting retry counter for com port access. Retry count is 1 
05/12/2017 15:41:17 [Vixen.Sys.State.Execution.OpenState] Vixen execution engine entered the open state. 
05/12/2017 15:41:18 [Vixen.Sys.VixenSystem] Vixen System stopping... 
05/12/2017 15:41:18 [Vixen.Sys.State.Execution.ClosingState] Vixen execution engine entering the closing state... 
05/12/2017 15:41:19 [Vixen.Sys.State.Execution.ClosedState] Vixen execution engine entered the closed state. 
05/12/2017 15:41:19 [Vixen.Sys.VixenSystem] Vixen System successfully stopped. 
