02/18/2017 10:48:20 [Vixen.Sys.VixenSystem] Vixen System starting up... 
02/18/2017 10:48:22 [Vixen.Sys.State.Execution.OpeningState] Vixen execution engine entering the open state... 
02/18/2017 10:48:22 [Vixen.Sys.State.Execution.OpenState] Vixen execution engine entered the open state. 
02/18/2017 10:48:22 [Vixen.Sys.VixenSystem] Vixen System successfully started. 
02/18/2017 11:06:20 [Vixen.Sys.VixenSystem] Vixen System stopping... 
02/18/2017 11:06:20 [Vixen.Sys.State.Execution.ClosingState] Vixen execution engine entering the closing state... 
02/18/2017 11:06:20 [Vixen.Sys.State.Execution.ClosedState] Vixen execution engine entered the closed state. 
02/18/2017 11:06:20 [Vixen.Sys.VixenSystem] Vixen System successfully stopped. 
02/18/2017 11:06:22 [Vixen.Sys.VixenSystem] Vixen System starting up... 
02/18/2017 11:06:23 [Vixen.Sys.State.Execution.OpeningState] Vixen execution engine entering the open state... 
02/18/2017 11:06:23 [Vixen.Sys.State.Execution.OpenState] Vixen execution engine entered the open state. 
02/18/2017 11:06:23 [Vixen.Sys.VixenSystem] Vixen System successfully started. 
02/18/2017 11:13:26 [Vixen.Sys.VixenSystem] Vixen System stopping... 
02/18/2017 11:13:26 [Vixen.Sys.State.Execution.ClosingState] Vixen execution engine entering the closing state... 
02/18/2017 11:13:27 [Vixen.Sys.State.Execution.ClosedState] Vixen execution engine entered the closed state. 
02/18/2017 11:13:27 [Vixen.Sys.VixenSystem] Vixen System successfully stopped. 
02/18/2017 11:13:29 [Vixen.Sys.VixenSystem] Vixen System starting up... 
02/18/2017 11:13:30 [Vixen.Sys.State.Execution.OpeningState] Vixen execution engine entering the open state... 
02/18/2017 11:13:30 [Vixen.Sys.State.Execution.OpenState] Vixen execution engine entered the open state. 
02/18/2017 11:13:30 [Vixen.Sys.VixenSystem] Vixen System successfully started. 
02/18/2017 11:17:39 [Vixen.Sys.VixenSystem] Vixen System stopping... 
02/18/2017 11:17:39 [Vixen.Sys.State.Execution.ClosingState] Vixen execution engine entering the closing state... 
02/18/2017 11:17:39 [Vixen.Sys.State.Execution.ClosedState] Vixen execution engine entered the closed state. 
02/18/2017 11:17:39 [Vixen.Sys.VixenSystem] Vixen System successfully stopped. 
02/18/2017 11:17:41 [Vixen.Sys.VixenSystem] Vixen System starting up... 
02/18/2017 11:17:42 [Vixen.Sys.State.Execution.OpeningState] Vixen execution engine entering the open state... 
02/18/2017 11:17:42 [Vixen.Sys.State.Execution.OpenState] Vixen execution engine entered the open state. 
02/18/2017 11:17:42 [Vixen.Sys.VixenSystem] Vixen System successfully started. 
02/18/2017 11:18:02 [Vixen.Sys.VixenSystem] Vixen System stopping... 
02/18/2017 11:18:02 [Vixen.Sys.State.Execution.ClosingState] Vixen execution engine entering the closing state... 
02/18/2017 11:18:02 [Vixen.Sys.State.Execution.ClosedState] Vixen execution engine entered the closed state. 
02/18/2017 11:18:02 [Vixen.Sys.VixenSystem] Vixen System successfully stopped. 
02/18/2017 11:18:05 [Vixen.Sys.VixenSystem] Vixen System starting up... 
02/18/2017 11:18:06 [Vixen.Sys.State.Execution.OpeningState] Vixen execution engine entering the open state... 
02/18/2017 11:18:06 [Vixen.Sys.State.Execution.OpenState] Vixen execution engine entered the open state. 
02/18/2017 11:18:06 [Vixen.Sys.VixenSystem] Vixen System successfully started. 
02/18/2017 11:21:37 [Vixen.Sys.VixenSystem] Vixen System stopping... 
02/18/2017 11:21:37 [Vixen.Sys.State.Execution.ClosingState] Vixen execution engine entering the closing state... 
02/18/2017 11:21:37 [Vixen.Sys.State.Execution.ClosedState] Vixen execution engine entered the closed state. 
02/18/2017 11:21:37 [Vixen.Sys.VixenSystem] Vixen System successfully stopped. 
02/18/2017 11:21:39 [Vixen.Sys.VixenSystem] Vixen System starting up... 
02/18/2017 11:21:40 [Vixen.Sys.State.Execution.OpeningState] Vixen execution engine entering the open state... 
02/18/2017 11:21:41 [Vixen.Sys.State.Execution.OpenState] Vixen execution engine entered the open state. 
02/18/2017 11:21:41 [Vixen.Sys.VixenSystem] Vixen System successfully started. 
02/18/2017 11:22:02 [Vixen.Sys.State.Execution.ClosingState] Vixen execution engine entering the closing state... 
02/18/2017 11:22:02 [Vixen.Sys.State.Execution.ClosedState] Vixen execution engine entered the closed state. 
02/18/2017 11:22:02 [Vixen.Sys.State.Execution.OpeningState] Vixen execution engine entering the open state... 
02/18/2017 11:22:03 [Vixen.Sys.State.Execution.OpenState] Vixen execution engine entered the open state. 
02/18/2017 11:28:47 [Vixen.Sys.VixenSystem] Vixen System stopping... 
02/18/2017 11:28:47 [Vixen.Sys.State.Execution.ClosingState] Vixen execution engine entering the closing state... 
02/18/2017 11:28:47 [Vixen.Sys.State.Execution.ClosedState] Vixen execution engine entered the closed state. 
02/18/2017 11:28:47 [Vixen.Sys.VixenSystem] Vixen System successfully stopped. 
02/18/2017 11:30:35 [Vixen.Sys.VixenSystem] Vixen System starting up... 
02/18/2017 11:30:37 [Vixen.Sys.State.Execution.OpeningState] Vixen execution engine entering the open state... 
02/18/2017 11:30:37 [Vixen.Sys.State.Execution.OpenState] Vixen execution engine entered the open state. 
02/18/2017 11:30:37 [Vixen.Sys.VixenSystem] Vixen System successfully started. 
02/18/2017 11:36:17 [Vixen.Sys.VixenSystem] Vixen System stopping... 
02/18/2017 11:36:17 [Vixen.Sys.State.Execution.ClosingState] Vixen execution engine entering the closing state... 
02/18/2017 11:36:17 [Vixen.Sys.State.Execution.ClosedState] Vixen execution engine entered the closed state. 
02/18/2017 11:36:17 [Vixen.Sys.VixenSystem] Vixen System successfully stopped. 
02/18/2017 11:36:19 [Vixen.Sys.VixenSystem] Vixen System starting up... 
02/18/2017 11:36:20 [Vixen.Sys.State.Execution.OpeningState] Vixen execution engine entering the open state... 
02/18/2017 11:36:20 [Vixen.Sys.State.Execution.OpenState] Vixen execution engine entered the open state. 
02/18/2017 11:36:20 [Vixen.Sys.VixenSystem] Vixen System successfully started. 
02/18/2017 11:37:08 [Vixen.Sys.VixenSystem] Vixen System stopping... 
02/18/2017 11:37:08 [Vixen.Sys.State.Execution.ClosingState] Vixen execution engine entering the closing state... 
02/18/2017 11:37:08 [Vixen.Sys.State.Execution.ClosedState] Vixen execution engine entered the closed state. 
02/18/2017 11:37:08 [Vixen.Sys.VixenSystem] Vixen System successfully stopped. 
02/18/2017 12:32:29 [Vixen.Sys.VixenSystem] Vixen System starting up... 
02/18/2017 12:32:30 [Vixen.Sys.State.Execution.OpeningState] Vixen execution engine entering the open state... 
02/18/2017 12:32:30 [Vixen.Sys.State.Execution.OpenState] Vixen execution engine entered the open state. 
02/18/2017 12:32:30 [Vixen.Sys.VixenSystem] Vixen System successfully started. 
02/18/2017 12:42:47 [Vixen.Sys.State.Execution.ClosingState] Vixen execution engine entering the closing state... 
02/18/2017 12:42:47 [Vixen.Sys.State.Execution.ClosedState] Vixen execution engine entered the closed state. 
02/18/2017 12:42:47 [Vixen.Sys.State.Execution.OpeningState] Vixen execution engine entering the open state... 
02/18/2017 12:42:47 [Vixen.Sys.State.Execution.OpenState] Vixen execution engine entered the open state. 
02/18/2017 13:06:46 [Vixen.Sys.VixenSystem] Vixen System stopping... 
02/18/2017 13:06:46 [Vixen.Sys.State.Execution.ClosingState] Vixen execution engine entering the closing state... 
02/18/2017 13:06:46 [Vixen.Sys.State.Execution.ClosedState] Vixen execution engine entered the closed state. 
02/18/2017 13:06:46 [Vixen.Sys.VixenSystem] Vixen System successfully stopped. 
02/18/2017 13:06:48 [Vixen.Sys.VixenSystem] Vixen System starting up... 
02/18/2017 13:06:50 [Vixen.Sys.State.Execution.OpeningState] Vixen execution engine entering the open state... 
02/18/2017 13:06:50 [Vixen.Sys.State.Execution.OpenState] Vixen execution engine entered the open state. 
02/18/2017 13:06:50 [Vixen.Sys.VixenSystem] Vixen System successfully started. 
02/18/2017 13:11:02 [Vixen.Sys.VixenSystem] Vixen System stopping... 
02/18/2017 13:11:02 [Vixen.Sys.State.Execution.ClosingState] Vixen execution engine entering the closing state... 
02/18/2017 13:11:02 [Vixen.Sys.State.Execution.ClosedState] Vixen execution engine entered the closed state. 
02/18/2017 13:11:02 [Vixen.Sys.VixenSystem] Vixen System successfully stopped. 
02/18/2017 18:22:40 [Vixen.Sys.VixenSystem] Vixen System starting up... 
02/18/2017 18:22:42 [Vixen.Sys.State.Execution.OpeningState] Vixen execution engine entering the open state... 
02/18/2017 18:22:42 [Vixen.Sys.State.Execution.OpenState] Vixen execution engine entered the open state. 
02/18/2017 18:22:42 [Vixen.Sys.VixenSystem] Vixen System successfully started. 
02/18/2017 19:06:45 [Vixen.Sys.VixenSystem] Vixen System stopping... 
02/18/2017 19:06:45 [Vixen.Sys.State.Execution.ClosingState] Vixen execution engine entering the closing state... 
02/18/2017 19:06:45 [Vixen.Sys.State.Execution.ClosedState] Vixen execution engine entered the closed state. 
02/18/2017 19:06:45 [Vixen.Sys.VixenSystem] Vixen System successfully stopped. 
02/18/2017 19:06:48 [Vixen.Sys.VixenSystem] Vixen System starting up... 
02/18/2017 19:06:49 [Vixen.Sys.State.Execution.OpeningState] Vixen execution engine entering the open state... 
02/18/2017 19:06:49 [Vixen.Sys.State.Execution.OpenState] Vixen execution engine entered the open state. 
02/18/2017 19:06:49 [Vixen.Sys.VixenSystem] Vixen System successfully started. 
02/18/2017 19:10:47 [Vixen.Sys.VixenSystem] Vixen System stopping... 
02/18/2017 19:10:47 [Vixen.Sys.State.Execution.ClosingState] Vixen execution engine entering the closing state... 
02/18/2017 19:10:47 [Vixen.Sys.State.Execution.ClosedState] Vixen execution engine entered the closed state. 
02/18/2017 19:10:47 [Vixen.Sys.VixenSystem] Vixen System successfully stopped. 
02/18/2017 19:10:49 [Vixen.Sys.VixenSystem] Vixen System starting up... 
02/18/2017 19:10:51 [Vixen.Sys.State.Execution.OpeningState] Vixen execution engine entering the open state... 
02/18/2017 19:10:51 [Vixen.Sys.State.Execution.OpenState] Vixen execution engine entered the open state. 
02/18/2017 19:10:51 [Vixen.Sys.VixenSystem] Vixen System successfully started. 
02/18/2017 19:18:03 [Vixen.Sys.VixenSystem] Vixen System stopping... 
02/18/2017 19:18:03 [Vixen.Sys.State.Execution.ClosingState] Vixen execution engine entering the closing state... 
02/18/2017 19:18:03 [Vixen.Sys.State.Execution.ClosedState] Vixen execution engine entered the closed state. 
02/18/2017 19:18:03 [Vixen.Sys.VixenSystem] Vixen System successfully stopped. 
02/18/2017 19:18:05 [Vixen.Sys.VixenSystem] Vixen System starting up... 
02/18/2017 19:18:06 [Vixen.Sys.State.Execution.OpeningState] Vixen execution engine entering the open state... 
02/18/2017 19:18:07 [Vixen.Sys.State.Execution.OpenState] Vixen execution engine entered the open state. 
02/18/2017 19:18:07 [Vixen.Sys.VixenSystem] Vixen System successfully started. 
02/18/2017 19:20:18 [Vixen.Sys.VixenSystem] Vixen System stopping... 
02/18/2017 19:20:18 [Vixen.Sys.State.Execution.ClosingState] Vixen execution engine entering the closing state... 
02/18/2017 19:20:18 [Vixen.Sys.State.Execution.ClosedState] Vixen execution engine entered the closed state. 
02/18/2017 19:20:18 [Vixen.Sys.VixenSystem] Vixen System successfully stopped. 
